;  LST file generated by mikroListExporter - v.2.0 
; Date/Time: 05/09/2016 13:56:20
;----------------------------------------------

;Address Opcode 	ASM
0x0000	0x2803      	GOTO       3
_main:
;LedBlinking.c,1 :: 		void main()
;LedBlinking.c,4 :: 		ADCON1=0B00001110;    // AN0 habilitado (somente)
0x0003	0x300E      	MOVLW      14
0x0004	0x1683      	BSF        STATUS, 5
0x0005	0x1303      	BCF        STATUS, 6
0x0006	0x009F      	MOVWF      ADCON1
;LedBlinking.c,5 :: 		TRISA = 0;           // RB0: entrada analógica (ADCON1)- RB1 a RB5: saída digital
0x0007	0x0185      	CLRF       TRISA
;LedBlinking.c,6 :: 		TRISB = 0;           // set direction to be output
0x0008	0x0186      	CLRF       TRISB
;LedBlinking.c,7 :: 		TRISC = 0;           // set direction to be output
0x0009	0x0187      	CLRF       TRISC
;LedBlinking.c,8 :: 		TRISD = 0;           // set direction to be output
0x000A	0x0188      	CLRF       TRISD
;LedBlinking.c,9 :: 		TRISE = 0;           // set direction to be output
0x000B	0x0189      	CLRF       TRISE
;LedBlinking.c,11 :: 		do
L_main0:
;LedBlinking.c,13 :: 		PORTD=0XFF;
0x000C	0x30FF      	MOVLW      255
0x000D	0x1283      	BCF        STATUS, 5
0x000E	0x0088      	MOVWF      PORTD
;LedBlinking.c,14 :: 		Delay_ms(1000);    // 1 second delay
0x000F	0x301A      	MOVLW      26
0x0010	0x00FB      	MOVWF      R11
0x0011	0x305E      	MOVLW      94
0x0012	0x00FC      	MOVWF      R12
0x0013	0x306E      	MOVLW      110
0x0014	0x00FD      	MOVWF      R13
L_main3:
0x0015	0x0BFD      	DECFSZ     R13, 1
0x0016	0x2815      	GOTO       L_main3
0x0017	0x0BFC      	DECFSZ     R12, 1
0x0018	0x2815      	GOTO       L_main3
0x0019	0x0BFB      	DECFSZ     R11, 1
0x001A	0x2815      	GOTO       L_main3
0x001B	0x0000      	NOP
;LedBlinking.c,16 :: 		PORTD=0;
0x001C	0x0188      	CLRF       PORTD
;LedBlinking.c,17 :: 		Delay_ms(1000);    // 1 second delay
0x001D	0x301A      	MOVLW      26
0x001E	0x00FB      	MOVWF      R11
0x001F	0x305E      	MOVLW      94
0x0020	0x00FC      	MOVWF      R12
0x0021	0x306E      	MOVLW      110
0x0022	0x00FD      	MOVWF      R13
L_main4:
0x0023	0x0BFD      	DECFSZ     R13, 1
0x0024	0x2823      	GOTO       L_main4
0x0025	0x0BFC      	DECFSZ     R12, 1
0x0026	0x2823      	GOTO       L_main4
0x0027	0x0BFB      	DECFSZ     R11, 1
0x0028	0x2823      	GOTO       L_main4
0x0029	0x0000      	NOP
;LedBlinking.c,19 :: 		while(1);          // Endless loop
0x002A	0x280C      	GOTO       L_main0
;LedBlinking.c,20 :: 		}
L_end_main:
0x002B	0x282B      	GOTO       $+0
; end of _main
Symbol List:
//** Routines locations **
//ADDRESS    SIZE    PROCEDURE
//----------------------------------------------
0x0003      [41]    _main
//** Variables locations ** 
//ADDRESS    SIZE    VARIABLE
//----------------------------------------------
0x0000       [1]    INDF
0x0003       [1]    STATUS
0x0004       [1]    FSR
0x0008       [1]    PORTD
0x000A       [1]    PCLATH
0x0020       [2]    ___DoICPAddr
0x0070       [1]    R0
0x0071       [1]    R1
0x0072       [1]    R2
0x0073       [1]    R3
0x0074       [1]    R4
0x0075       [1]    R5
0x0076       [1]    R6
0x0077       [1]    R7
0x0078       [1]    R8
0x0079       [1]    R9
0x007A       [1]    R10
0x007B       [1]    R11
0x007C       [1]    R12
0x007D       [1]    R13
0x007E       [1]    R14
0x007F       [1]    R15
0x0085       [1]    TRISA
0x0086       [1]    TRISB
0x0087       [1]    TRISC
0x0088       [1]    TRISD
0x0089       [1]    TRISE
0x009F       [1]    ADCON1
