Message[301] C:\USERS\JOSé ROBERTO\DOCUMENTS\PROTEUS PROJECTS\PIC16F877 - LCD\P16F877.INC 37 : MESSAGE: (Processor-header file mismatch.  Verify selected processor.)
Warning[207] ..\..\MIKRO C PROJECTS\PROG1\PROG1.ASM 6 : Found label after column 1. (CLRF)
Error[122]   ..\..\MIKRO C PROJECTS\PROG1\PROG1.ASM 6 : Illegal opcode (TRISA)
Warning[207] ..\..\MIKRO C PROJECTS\PROG1\PROG1.ASM 8 : Found label after column 1. (CLRF)
Error[122]   ..\..\MIKRO C PROJECTS\PROG1\PROG1.ASM 8 : Illegal opcode (TRISB)
Warning[207] ..\..\MIKRO C PROJECTS\PROG1\PROG1.ASM 10 : Found label after column 1. (CLRF)
Error[122]   ..\..\MIKRO C PROJECTS\PROG1\PROG1.ASM 10 : Illegal opcode (TRISC)
Warning[207] ..\..\MIKRO C PROJECTS\PROG1\PROG1.ASM 12 : Found label after column 1. (CLRF)
Error[122]   ..\..\MIKRO C PROJECTS\PROG1\PROG1.ASM 12 : Illegal opcode (TRISD)
Warning[207] ..\..\MIKRO C PROJECTS\PROG1\PROG1.ASM 14 : Found label after column 1. (CALL)
Error[122]   ..\..\MIKRO C PROJECTS\PROG1\PROG1.ASM 14 : Illegal opcode (_Lcd_Init)
Warning[207] ..\..\MIKRO C PROJECTS\PROG1\PROG1.ASM 16 : Found label after column 1. (MOVLW)
Error[108]   ..\..\MIKRO C PROJECTS\PROG1\PROG1.ASM 16 : Illegal character (1)
Warning[207] ..\..\MIKRO C PROJECTS\PROG1\PROG1.ASM 17 : Found label after column 1. (MOVWF)
Error[122]   ..\..\MIKRO C PROJECTS\PROG1\PROG1.ASM 17 : Illegal opcode (FARG_Lcd_Cmd_out_char)
Warning[207] ..\..\MIKRO C PROJECTS\PROG1\PROG1.ASM 18 : Found label after column 1. (CALL)
Error[122]   ..\..\MIKRO C PROJECTS\PROG1\PROG1.ASM 18 : Illegal opcode (_Lcd_Cmd)
Warning[207] ..\..\MIKRO C PROJECTS\PROG1\PROG1.ASM 20 : Found label after column 1. (MOVLW)
Error[108]   ..\..\MIKRO C PROJECTS\PROG1\PROG1.ASM 20 : Illegal character (1)
Warning[207] ..\..\MIKRO C PROJECTS\PROG1\PROG1.ASM 21 : Found label after column 1. (MOVWF)
Error[122]   ..\..\MIKRO C PROJECTS\PROG1\PROG1.ASM 21 : Illegal opcode (FARG_Lcd_Cmd_out_char)
Warning[207] ..\..\MIKRO C PROJECTS\PROG1\PROG1.ASM 22 : Found label after column 1. (CALL)
Error[122]   ..\..\MIKRO C PROJECTS\PROG1\PROG1.ASM 22 : Illegal opcode (_Lcd_Cmd)
Warning[207] ..\..\MIKRO C PROJECTS\PROG1\PROG1.ASM 26 : Found label after column 1. (INCF)
Error[122]   ..\..\MIKRO C PROJECTS\PROG1\PROG1.ASM 26 : Illegal opcode (PORTA)
Warning[207] ..\..\MIKRO C PROJECTS\PROG1\PROG1.ASM 27 : Found label after column 1. (MOVWF)
Error[122]   ..\..\MIKRO C PROJECTS\PROG1\PROG1.ASM 27 : Illegal opcode (R0)
Warning[207] ..\..\MIKRO C PROJECTS\PROG1\PROG1.ASM 28 : Found label after column 1. (MOVF)
Error[122]   ..\..\MIKRO C PROJECTS\PROG1\PROG1.ASM 28 : Illegal opcode (R0)
Warning[207] ..\..\MIKRO C PROJECTS\PROG1\PROG1.ASM 29 : Found label after column 1. (MOVWF)
Error[122]   ..\..\MIKRO C PROJECTS\PROG1\PROG1.ASM 29 : Illegal opcode (PORTA)
Warning[207] ..\..\MIKRO C PROJECTS\PROG1\PROG1.ASM 31 : Found label after column 1. (MOVF)
Error[122]   ..\..\MIKRO C PROJECTS\PROG1\PROG1.ASM 31 : Illegal opcode (PORTA)
Warning[207] ..\..\MIKRO C PROJECTS\PROG1\PROG1.ASM 32 : Found label after column 1. (MOVWF)
Error[122]   ..\..\MIKRO C PROJECTS\PROG1\PROG1.ASM 32 : Illegal opcode (FARG_Lcd_Out_CP_text)
Warning[207] ..\..\MIKRO C PROJECTS\PROG1\PROG1.ASM 33 : Found label after column 1. (CALL)
Error[122]   ..\..\MIKRO C PROJECTS\PROG1\PROG1.ASM 33 : Illegal opcode (_Lcd_Out_CP)
Warning[207] ..\..\MIKRO C PROJECTS\PROG1\PROG1.ASM 35 : Found label after column 1. (GOTO)
Error[122]   ..\..\MIKRO C PROJECTS\PROG1\PROG1.ASM 35 : Illegal opcode (L_main0)
Warning[207] ..\..\MIKRO C PROJECTS\PROG1\PROG1.ASM 37 : Found label after column 1. (GOTO)
Error[108]   ..\..\MIKRO C PROJECTS\PROG1\PROG1.ASM 37 : Illegal character ($)
Warning[205] ..\..\MIKRO C PROJECTS\PROG1\PROG1.ASM 39 : Found directive in column 1. (end)
Error[131]   ..\..\MIKRO C PROJECTS\PROG1\PROG1.ASM 40 : Processor type is undefined
