;  LST file generated by mikroListExporter - v.2.0 
; Date/Time: 04/09/2016 18:49:20
;----------------------------------------------

;Address Opcode 	ASM
0x0000	0x29F9      	GOTO       505
_Delay_1us:
;__Lib_Delays.c,7 :: 		void Delay_1us() {
;__Lib_Delays.c,8 :: 		Delay_us(1);
0x0003	0x0000      	NOP
0x0004	0x0000      	NOP
0x0005	0x0000      	NOP
0x0006	0x0000      	NOP
0x0007	0x0000      	NOP
;__Lib_Delays.c,9 :: 		}
L_end_Delay_1us:
0x0008	0x0008      	RETURN
; end of _Delay_1us
_Delay_50us:
;__Lib_Delays.c,19 :: 		void Delay_50us() {
;__Lib_Delays.c,20 :: 		Delay_us(50);
0x0009	0x3053      	MOVLW      83
0x000A	0x1283      	BCF        STATUS, 5
0x000B	0x1303      	BCF        STATUS, 6
0x000C	0x00FD      	MOVWF      R13
L_Delay_50us2:
0x000D	0x0BFD      	DECFSZ     R13, 1
0x000E	0x280D      	GOTO       L_Delay_50us2
;__Lib_Delays.c,21 :: 		}
L_end_Delay_50us:
0x000F	0x0008      	RETURN
; end of _Delay_50us
_Delay_5500us:
;__Lib_Delays.c,31 :: 		void Delay_5500us() {
;__Lib_Delays.c,32 :: 		Delay_us(5500);
0x0010	0x3024      	MOVLW      36
0x0011	0x1283      	BCF        STATUS, 5
0x0012	0x1303      	BCF        STATUS, 6
0x0013	0x00FC      	MOVWF      R12
0x0014	0x30B5      	MOVLW      181
0x0015	0x00FD      	MOVWF      R13
L_Delay_5500us5:
0x0016	0x0BFD      	DECFSZ     R13, 1
0x0017	0x2816      	GOTO       L_Delay_5500us5
0x0018	0x0BFC      	DECFSZ     R12, 1
0x0019	0x2816      	GOTO       L_Delay_5500us5
0x001A	0x0000      	NOP
0x001B	0x0000      	NOP
;__Lib_Delays.c,33 :: 		}
L_end_Delay_5500us:
0x001C	0x0008      	RETURN
; end of _Delay_5500us
_Div_16X16_U:
;__Lib_Math.c,215 :: 		
;__Lib_Math.c,222 :: 		
0x001D	0x1283      	BCF        STATUS, 5
;__Lib_Math.c,223 :: 		
0x001E	0x1303      	BCF        STATUS, 6
;__Lib_Math.c,224 :: 		
0x001F	0x01F8      	CLRF       R8
;__Lib_Math.c,225 :: 		
0x0020	0x01F9      	CLRF       R9
;__Lib_Math.c,226 :: 		
0x0021	0x3010      	MOVLW      16
;__Lib_Math.c,227 :: 		
0x0022	0x00FC      	MOVWF      R12
;__Lib_Math.c,228 :: 		
0x0023	0x0D71      	RLF        R1, 0
;__Lib_Math.c,229 :: 		
0x0024	0x0DF8      	RLF        R8, 1
;__Lib_Math.c,230 :: 		
0x0025	0x0DF9      	RLF        R9, 1
;__Lib_Math.c,231 :: 		
0x0026	0x0874      	MOVF       R4, 0
;__Lib_Math.c,232 :: 		
0x0027	0x02F8      	SUBWF      R8, 1
;__Lib_Math.c,233 :: 		
0x0028	0x0875      	MOVF       R5, 0
;__Lib_Math.c,234 :: 		
0x0029	0x1C03      	BTFSS      STATUS, 0
;__Lib_Math.c,235 :: 		
0x002A	0x0F75      	INCFSZ     R5, 0
;__Lib_Math.c,236 :: 		
0x002B	0x02F9      	SUBWF      R9, 1
;__Lib_Math.c,237 :: 		
0x002C	0x1803      	BTFSC      STATUS, 0
;__Lib_Math.c,238 :: 		
0x002D	0x2835      	GOTO       $+8
;__Lib_Math.c,239 :: 		
0x002E	0x0874      	MOVF       R4, 0
;__Lib_Math.c,240 :: 		
0x002F	0x07F8      	ADDWF      R8, 1
;__Lib_Math.c,241 :: 		
0x0030	0x0875      	MOVF       R5, 0
;__Lib_Math.c,242 :: 		
0x0031	0x1803      	BTFSC      STATUS, 0
;__Lib_Math.c,243 :: 		
0x0032	0x0F75      	INCFSZ     R5, 0
;__Lib_Math.c,244 :: 		
0x0033	0x07F9      	ADDWF      R9, 1
;__Lib_Math.c,245 :: 		
0x0034	0x1003      	BCF        STATUS, 0
;__Lib_Math.c,246 :: 		
0x0035	0x0DF0      	RLF        R0, 1
;__Lib_Math.c,247 :: 		
0x0036	0x0DF1      	RLF        R1, 1
;__Lib_Math.c,248 :: 		
0x0037	0x0BFC      	DECFSZ     R12, 1
;__Lib_Math.c,249 :: 		
0x0038	0x2823      	GOTO       $-21
;__Lib_Math.c,251 :: 		
L_end_Div_16X16_U:
0x0039	0x0008      	RETURN
; end of _Div_16X16_U
_Lcd_Cmd:
;__Lib_Lcd.c,18 :: 		
;__Lib_Lcd.c,20 :: 		
0x003A	0x1283      	BCF        STATUS, 5
0x003B	0x1303      	BCF        STATUS, 6
0x003C	0x1BD3      	BTFSC      FARG_Lcd_Cmd_out_char, 7
0x003D	0x2840      	GOTO       L__Lcd_Cmd21
0x003E	0x1105      	BCF        LCD_D7, BitPos(LCD_D7+0)
0x003F	0x2841      	GOTO       L__Lcd_Cmd22
L__Lcd_Cmd21:
0x0040	0x1505      	BSF        LCD_D7, BitPos(LCD_D7+0)
L__Lcd_Cmd22:
;__Lib_Lcd.c,21 :: 		
0x0041	0x1B53      	BTFSC      FARG_Lcd_Cmd_out_char, 6
0x0042	0x2845      	GOTO       L__Lcd_Cmd23
0x0043	0x1185      	BCF        LCD_D6, BitPos(LCD_D6+0)
0x0044	0x2846      	GOTO       L__Lcd_Cmd24
L__Lcd_Cmd23:
0x0045	0x1585      	BSF        LCD_D6, BitPos(LCD_D6+0)
L__Lcd_Cmd24:
;__Lib_Lcd.c,22 :: 		
0x0046	0x1AD3      	BTFSC      FARG_Lcd_Cmd_out_char, 5
0x0047	0x284A      	GOTO       L__Lcd_Cmd25
0x0048	0x1285      	BCF        LCD_D5, BitPos(LCD_D5+0)
0x0049	0x284B      	GOTO       L__Lcd_Cmd26
L__Lcd_Cmd25:
0x004A	0x1685      	BSF        LCD_D5, BitPos(LCD_D5+0)
L__Lcd_Cmd26:
;__Lib_Lcd.c,23 :: 		
0x004B	0x1A53      	BTFSC      FARG_Lcd_Cmd_out_char, 4
0x004C	0x284F      	GOTO       L__Lcd_Cmd27
0x004D	0x1009      	BCF        LCD_D4, BitPos(LCD_D4+0)
0x004E	0x2850      	GOTO       L__Lcd_Cmd28
L__Lcd_Cmd27:
0x004F	0x1409      	BSF        LCD_D4, BitPos(LCD_D4+0)
L__Lcd_Cmd28:
;__Lib_Lcd.c,25 :: 		
0x0050	0x1838      	BTFSC      __Lib_Lcd_cmd_status, BitPos(__Lib_Lcd_cmd_status+0)
0x0051	0x2854      	GOTO       L__Lcd_Cmd29
0x0052	0x1509      	BSF        LCD_RS, BitPos(LCD_RS+0)
0x0053	0x2855      	GOTO       L__Lcd_Cmd30
L__Lcd_Cmd29:
0x0054	0x1109      	BCF        LCD_RS, BitPos(LCD_RS+0)
L__Lcd_Cmd30:
;__Lib_Lcd.c,28 :: 		
0x0055	0x1489      	BSF        LCD_EN, BitPos(LCD_EN+0)
;__Lib_Lcd.c,29 :: 		
0x0056	0x2003      	CALL       _Delay_1us
;__Lib_Lcd.c,30 :: 		
0x0057	0x1089      	BCF        LCD_EN, BitPos(LCD_EN+0)
;__Lib_Lcd.c,33 :: 		
0x0058	0x19D3      	BTFSC      FARG_Lcd_Cmd_out_char, 3
0x0059	0x285C      	GOTO       L__Lcd_Cmd31
0x005A	0x1105      	BCF        LCD_D7, BitPos(LCD_D7+0)
0x005B	0x285D      	GOTO       L__Lcd_Cmd32
L__Lcd_Cmd31:
0x005C	0x1505      	BSF        LCD_D7, BitPos(LCD_D7+0)
L__Lcd_Cmd32:
;__Lib_Lcd.c,34 :: 		
0x005D	0x1953      	BTFSC      FARG_Lcd_Cmd_out_char, 2
0x005E	0x2861      	GOTO       L__Lcd_Cmd33
0x005F	0x1185      	BCF        LCD_D6, BitPos(LCD_D6+0)
0x0060	0x2862      	GOTO       L__Lcd_Cmd34
L__Lcd_Cmd33:
0x0061	0x1585      	BSF        LCD_D6, BitPos(LCD_D6+0)
L__Lcd_Cmd34:
;__Lib_Lcd.c,35 :: 		
0x0062	0x18D3      	BTFSC      FARG_Lcd_Cmd_out_char, 1
0x0063	0x2866      	GOTO       L__Lcd_Cmd35
0x0064	0x1285      	BCF        LCD_D5, BitPos(LCD_D5+0)
0x0065	0x2867      	GOTO       L__Lcd_Cmd36
L__Lcd_Cmd35:
0x0066	0x1685      	BSF        LCD_D5, BitPos(LCD_D5+0)
L__Lcd_Cmd36:
;__Lib_Lcd.c,36 :: 		
0x0067	0x1853      	BTFSC      FARG_Lcd_Cmd_out_char, 0
0x0068	0x286B      	GOTO       L__Lcd_Cmd37
0x0069	0x1009      	BCF        LCD_D4, BitPos(LCD_D4+0)
0x006A	0x286C      	GOTO       L__Lcd_Cmd38
L__Lcd_Cmd37:
0x006B	0x1409      	BSF        LCD_D4, BitPos(LCD_D4+0)
L__Lcd_Cmd38:
;__Lib_Lcd.c,38 :: 		
0x006C	0x1838      	BTFSC      __Lib_Lcd_cmd_status, BitPos(__Lib_Lcd_cmd_status+0)
0x006D	0x2870      	GOTO       L__Lcd_Cmd39
0x006E	0x1509      	BSF        LCD_RS, BitPos(LCD_RS+0)
0x006F	0x2871      	GOTO       L__Lcd_Cmd40
L__Lcd_Cmd39:
0x0070	0x1109      	BCF        LCD_RS, BitPos(LCD_RS+0)
L__Lcd_Cmd40:
;__Lib_Lcd.c,40 :: 		
0x0071	0x1489      	BSF        LCD_EN, BitPos(LCD_EN+0)
;__Lib_Lcd.c,41 :: 		
0x0072	0x2003      	CALL       _Delay_1us
;__Lib_Lcd.c,42 :: 		
0x0073	0x1089      	BCF        LCD_EN, BitPos(LCD_EN+0)
;__Lib_Lcd.c,44 :: 		
0x0074	0x1C38      	BTFSS      __Lib_Lcd_cmd_status, BitPos(__Lib_Lcd_cmd_status+0)
0x0075	0x2878      	GOTO       L_Lcd_Cmd0
;__Lib_Lcd.c,45 :: 		
0x0076	0x2010      	CALL       _Delay_5500us
0x0077	0x2879      	GOTO       L_Lcd_Cmd1
L_Lcd_Cmd0:
;__Lib_Lcd.c,47 :: 		
0x0078	0x2009      	CALL       _Delay_50us
L_Lcd_Cmd1:
;__Lib_Lcd.c,48 :: 		
L_end_Lcd_Cmd:
0x0079	0x0008      	RETURN
; end of _Lcd_Cmd
_____DoICP:
;__Lib_System.c,6 :: 		
;__Lib_System.c,9 :: 		
0x007A	0x1283      	BCF        STATUS, 5
0x007B	0x1303      	BCF        STATUS, 6
0x007C	0x082B      	MOVF       ___DoICPAddr+1, 0
0x007D	0x008A      	MOVWF      PCLATH
;__Lib_System.c,10 :: 		
0x007E	0x082A      	MOVF       ___DoICPAddr, 0
0x007F	0x0082      	MOVWF      PCL
;__Lib_System.c,12 :: 		
L_end_____DoICP:
0x0080	0x0008      	RETURN
; end of _____DoICP
_WordToStr:
;__Lib_Conversions.c,84 :: 		
;__Lib_Conversions.c,89 :: 		
0x0081	0x1283      	BCF        STATUS, 5
0x0082	0x1303      	BCF        STATUS, 6
0x0083	0x01D1      	CLRF       WordToStr_len_L0
L_WordToStr6:
0x0084	0x3005      	MOVLW      5
0x0085	0x0251      	SUBWF      WordToStr_len_L0, 0
0x0086	0x1803      	BTFSC      STATUS, 0
0x0087	0x288F      	GOTO       L_WordToStr7
;__Lib_Conversions.c,90 :: 		
0x0088	0x0851      	MOVF       WordToStr_len_L0, 0
0x0089	0x0750      	ADDWF      FARG_WordToStr_output, 0
0x008A	0x0084      	MOVWF      FSR
0x008B	0x3020      	MOVLW      32
0x008C	0x0080      	MOVWF      INDF
;__Lib_Conversions.c,89 :: 		
0x008D	0x0AD1      	INCF       WordToStr_len_L0, 1
;__Lib_Conversions.c,90 :: 		
0x008E	0x2884      	GOTO       L_WordToStr6
L_WordToStr7:
;__Lib_Conversions.c,91 :: 		
0x008F	0x0851      	MOVF       WordToStr_len_L0, 0
0x0090	0x0750      	ADDWF      FARG_WordToStr_output, 0
0x0091	0x0084      	MOVWF      FSR
0x0092	0x0180      	CLRF       INDF
0x0093	0x03D1      	DECF       WordToStr_len_L0, 1
;__Lib_Conversions.c,93 :: 		
L_WordToStr9:
;__Lib_Conversions.c,94 :: 		
0x0094	0x0851      	MOVF       WordToStr_len_L0, 0
0x0095	0x0750      	ADDWF      FARG_WordToStr_output, 0
0x0096	0x00D2      	MOVWF      FLOC__WordToStr
0x0097	0x300A      	MOVLW      10
0x0098	0x00F4      	MOVWF      R4
0x0099	0x01F5      	CLRF       R4+1
0x009A	0x084E      	MOVF       FARG_WordToStr_input, 0
0x009B	0x00F0      	MOVWF      R0
0x009C	0x084F      	MOVF       FARG_WordToStr_input+1, 0
0x009D	0x00F1      	MOVWF      R0+1
0x009E	0x201D      	CALL       _Div_16X16_U
0x009F	0x0878      	MOVF       R8, 0
0x00A0	0x00F0      	MOVWF      R0
0x00A1	0x0879      	MOVF       R8+1, 0
0x00A2	0x00F1      	MOVWF      R0+1
0x00A3	0x3030      	MOVLW      48
0x00A4	0x07F0      	ADDWF      R0, 1
0x00A5	0x0852      	MOVF       FLOC__WordToStr, 0
0x00A6	0x0084      	MOVWF      FSR
0x00A7	0x0870      	MOVF       R0, 0
0x00A8	0x0080      	MOVWF      INDF
;__Lib_Conversions.c,95 :: 		
0x00A9	0x300A      	MOVLW      10
0x00AA	0x00F4      	MOVWF      R4
0x00AB	0x01F5      	CLRF       R4+1
0x00AC	0x084E      	MOVF       FARG_WordToStr_input, 0
0x00AD	0x00F0      	MOVWF      R0
0x00AE	0x084F      	MOVF       FARG_WordToStr_input+1, 0
0x00AF	0x00F1      	MOVWF      R0+1
0x00B0	0x201D      	CALL       _Div_16X16_U
0x00B1	0x0870      	MOVF       R0, 0
0x00B2	0x00CE      	MOVWF      FARG_WordToStr_input
0x00B3	0x0871      	MOVF       R0+1, 0
0x00B4	0x00CF      	MOVWF      FARG_WordToStr_input+1
;__Lib_Conversions.c,96 :: 		
0x00B5	0x3000      	MOVLW      0
0x00B6	0x0671      	XORWF      R0+1, 0
0x00B7	0x1D03      	BTFSS      STATUS, 2
0x00B8	0x28BB      	GOTO       L__WordToStr109
0x00B9	0x3000      	MOVLW      0
0x00BA	0x0670      	XORWF      R0, 0
L__WordToStr109:
0x00BB	0x1D03      	BTFSS      STATUS, 2
0x00BC	0x28BE      	GOTO       L_WordToStr11
;__Lib_Conversions.c,97 :: 		
0x00BD	0x28C0      	GOTO       L_WordToStr10
L_WordToStr11:
;__Lib_Conversions.c,98 :: 		
0x00BE	0x03D1      	DECF       WordToStr_len_L0, 1
;__Lib_Conversions.c,99 :: 		
0x00BF	0x2894      	GOTO       L_WordToStr9
L_WordToStr10:
;__Lib_Conversions.c,100 :: 		
L_end_WordToStr:
0x00C0	0x0008      	RETURN
; end of _WordToStr
_Lcd_Chr_CP:
;__Lib_Lcd.c,50 :: 		
;__Lib_Lcd.c,52 :: 		
0x00C1	0x1283      	BCF        STATUS, 5
0x00C2	0x1303      	BCF        STATUS, 6
0x00C3	0x1038      	BCF        __Lib_Lcd_cmd_status, BitPos(__Lib_Lcd_cmd_status+0)
;__Lib_Lcd.c,53 :: 		
0x00C4	0x084E      	MOVF       FARG_Lcd_Chr_CP_out_char, 0
0x00C5	0x00D3      	MOVWF      FARG_Lcd_Cmd_out_char
0x00C6	0x203A      	CALL       _Lcd_Cmd
;__Lib_Lcd.c,54 :: 		
0x00C7	0x1438      	BSF        __Lib_Lcd_cmd_status, BitPos(__Lib_Lcd_cmd_status+0)
;__Lib_Lcd.c,55 :: 		
L_end_Lcd_Chr_CP:
0x00C8	0x0008      	RETURN
; end of _Lcd_Chr_CP
_Ltrim:
;__Lib_Conversions.c,372 :: 		
;__Lib_Conversions.c,376 :: 		
0x00C9	0x1283      	BCF        STATUS, 5
0x00CA	0x1303      	BCF        STATUS, 6
0x00CB	0x01C6      	CLRF       Ltrim_trimmed_L0
0x00CC	0x01C7      	CLRF       Ltrim_trimmed_L0+1
;__Lib_Conversions.c,377 :: 		
0x00CD	0x0845      	MOVF       FARG_Ltrim_string, 0
0x00CE	0x00F2      	MOVWF      R2
;__Lib_Conversions.c,378 :: 		
0x00CF	0x0845      	MOVF       FARG_Ltrim_string, 0
0x00D0	0x00F3      	MOVWF      R3
;__Lib_Conversions.c,379 :: 		
L_Ltrim70:
;__Lib_Conversions.c,380 :: 		
0x00D1	0x0872      	MOVF       R2, 0
0x00D2	0x0084      	MOVWF      FSR
0x00D3	0x0800      	MOVF       INDF, 0
0x00D4	0x3A20      	XORLW      32
0x00D5	0x1D03      	BTFSS      STATUS, 2
0x00D6	0x28DC      	GOTO       L__Ltrim99
0x00D7	0x0846      	MOVF       Ltrim_trimmed_L0, 0
0x00D8	0x0447      	IORWF      Ltrim_trimmed_L0+1, 0
0x00D9	0x1D03      	BTFSS      STATUS, 2
0x00DA	0x28DC      	GOTO       L__Ltrim99
0x00DB	0x28E9      	GOTO       L_Ltrim75
L__Ltrim99:
;__Lib_Conversions.c,381 :: 		
0x00DC	0x3001      	MOVLW      1
0x00DD	0x00C6      	MOVWF      Ltrim_trimmed_L0
0x00DE	0x3000      	MOVLW      0
0x00DF	0x00C7      	MOVWF      Ltrim_trimmed_L0+1
;__Lib_Conversions.c,382 :: 		
0x00E0	0x0872      	MOVF       R2, 0
0x00E1	0x0084      	MOVWF      FSR
0x00E2	0x0800      	MOVF       INDF, 0
0x00E3	0x00F0      	MOVWF      R0
0x00E4	0x0873      	MOVF       R3, 0
0x00E5	0x0084      	MOVWF      FSR
0x00E6	0x0870      	MOVF       R0, 0
0x00E7	0x0080      	MOVWF      INDF
0x00E8	0x0AF3      	INCF       R3, 1
;__Lib_Conversions.c,383 :: 		
L_Ltrim75:
;__Lib_Conversions.c,385 :: 		
0x00E9	0x0872      	MOVF       R2, 0
0x00EA	0x00F1      	MOVWF      R1
0x00EB	0x0AF2      	INCF       R2, 1
0x00EC	0x0871      	MOVF       R1, 0
0x00ED	0x0084      	MOVWF      FSR
0x00EE	0x0800      	MOVF       INDF, 0
0x00EF	0x3A00      	XORLW      0
0x00F0	0x1D03      	BTFSS      STATUS, 2
0x00F1	0x28D1      	GOTO       L_Ltrim70
;__Lib_Conversions.c,386 :: 		
0x00F2	0x0845      	MOVF       FARG_Ltrim_string, 0
0x00F3	0x00F0      	MOVWF      R0
;__Lib_Conversions.c,387 :: 		
L_end_Ltrim:
0x00F4	0x0008      	RETURN
; end of _Ltrim
_Lcd_Out:
;__Lib_Lcd.c,184 :: 		
;__Lib_Lcd.c,187 :: 		
0x00F5	0x2907      	GOTO       L_Lcd_Out11
;__Lib_Lcd.c,188 :: 		
L_Lcd_Out13:
0x00F6	0x3080      	MOVLW      128
0x00F7	0x1283      	BCF        STATUS, 5
0x00F8	0x1303      	BCF        STATUS, 6
0x00F9	0x00C5      	MOVWF      FARG_Lcd_Out_row
0x00FA	0x291A      	GOTO       L_Lcd_Out12
;__Lib_Lcd.c,189 :: 		
L_Lcd_Out14:
0x00FB	0x30C0      	MOVLW      192
0x00FC	0x00C5      	MOVWF      FARG_Lcd_Out_row
0x00FD	0x291A      	GOTO       L_Lcd_Out12
;__Lib_Lcd.c,190 :: 		
L_Lcd_Out15:
0x00FE	0x3094      	MOVLW      148
0x00FF	0x00C5      	MOVWF      FARG_Lcd_Out_row
0x0100	0x291A      	GOTO       L_Lcd_Out12
;__Lib_Lcd.c,191 :: 		
L_Lcd_Out16:
0x0101	0x30D4      	MOVLW      212
0x0102	0x00C5      	MOVWF      FARG_Lcd_Out_row
0x0103	0x291A      	GOTO       L_Lcd_Out12
;__Lib_Lcd.c,192 :: 		
L_Lcd_Out17:
0x0104	0x3080      	MOVLW      128
0x0105	0x00C5      	MOVWF      FARG_Lcd_Out_row
;__Lib_Lcd.c,193 :: 		
0x0106	0x291A      	GOTO       L_Lcd_Out12
L_Lcd_Out11:
0x0107	0x1283      	BCF        STATUS, 5
0x0108	0x1303      	BCF        STATUS, 6
0x0109	0x0845      	MOVF       FARG_Lcd_Out_row, 0
0x010A	0x3A01      	XORLW      1
0x010B	0x1903      	BTFSC      STATUS, 2
0x010C	0x28F6      	GOTO       L_Lcd_Out13
0x010D	0x0845      	MOVF       FARG_Lcd_Out_row, 0
0x010E	0x3A02      	XORLW      2
0x010F	0x1903      	BTFSC      STATUS, 2
0x0110	0x28FB      	GOTO       L_Lcd_Out14
0x0111	0x0845      	MOVF       FARG_Lcd_Out_row, 0
0x0112	0x3A03      	XORLW      3
0x0113	0x1903      	BTFSC      STATUS, 2
0x0114	0x28FE      	GOTO       L_Lcd_Out15
0x0115	0x0845      	MOVF       FARG_Lcd_Out_row, 0
0x0116	0x3A04      	XORLW      4
0x0117	0x1903      	BTFSC      STATUS, 2
0x0118	0x2901      	GOTO       L_Lcd_Out16
0x0119	0x2904      	GOTO       L_Lcd_Out17
L_Lcd_Out12:
;__Lib_Lcd.c,194 :: 		
0x011A	0x0346      	DECF       FARG_Lcd_Out_column, 0
0x011B	0x00F0      	MOVWF      R0
0x011C	0x0845      	MOVF       FARG_Lcd_Out_row, 0
0x011D	0x07F0      	ADDWF      R0, 1
0x011E	0x0870      	MOVF       R0, 0
0x011F	0x00C5      	MOVWF      FARG_Lcd_Out_row
;__Lib_Lcd.c,196 :: 		
0x0120	0x0870      	MOVF       R0, 0
0x0121	0x00D3      	MOVWF      FARG_Lcd_Cmd_out_char
0x0122	0x203A      	CALL       _Lcd_Cmd
;__Lib_Lcd.c,197 :: 		
0x0123	0x1038      	BCF        __Lib_Lcd_cmd_status, BitPos(__Lib_Lcd_cmd_status+0)
;__Lib_Lcd.c,198 :: 		
0x0124	0x01C8      	CLRF       Lcd_Out_i_L0
;__Lib_Lcd.c,199 :: 		
L_Lcd_Out18:
0x0125	0x0848      	MOVF       Lcd_Out_i_L0, 0
0x0126	0x0747      	ADDWF      FARG_Lcd_Out_text, 0
0x0127	0x0084      	MOVWF      FSR
0x0128	0x0800      	MOVF       INDF, 0
0x0129	0x1903      	BTFSC      STATUS, 2
0x012A	0x2933      	GOTO       L_Lcd_Out19
;__Lib_Lcd.c,200 :: 		
0x012B	0x0848      	MOVF       Lcd_Out_i_L0, 0
0x012C	0x0747      	ADDWF      FARG_Lcd_Out_text, 0
0x012D	0x0084      	MOVWF      FSR
0x012E	0x0800      	MOVF       INDF, 0
0x012F	0x00CE      	MOVWF      FARG_Lcd_Chr_CP_out_char
0x0130	0x20C1      	CALL       _Lcd_Chr_CP
0x0131	0x0AC8      	INCF       Lcd_Out_i_L0, 1
0x0132	0x2925      	GOTO       L_Lcd_Out18
L_Lcd_Out19:
;__Lib_Lcd.c,201 :: 		
0x0133	0x1438      	BSF        __Lib_Lcd_cmd_status, BitPos(__Lib_Lcd_cmd_status+0)
;__Lib_Lcd.c,202 :: 		
L_end_Lcd_Out:
0x0134	0x0008      	RETURN
; end of _Lcd_Out
_IntToStr:
;__Lib_Conversions.c,146 :: 		
;__Lib_Conversions.c,152 :: 		
0x0135	0x1283      	BCF        STATUS, 5
0x0136	0x1303      	BCF        STATUS, 6
0x0137	0x01CA      	CLRF       IntToStr_negative_L0
0x0138	0x01CB      	CLRF       IntToStr_negative_L0+1
;__Lib_Conversions.c,153 :: 		
0x0139	0x0845      	MOVF       FARG_IntToStr_input, 0
0x013A	0x00CC      	MOVWF      IntToStr_inword_L0
0x013B	0x0846      	MOVF       FARG_IntToStr_input+1, 0
0x013C	0x00CD      	MOVWF      IntToStr_inword_L0+1
;__Lib_Conversions.c,154 :: 		
0x013D	0x3080      	MOVLW      128
0x013E	0x0646      	XORWF      FARG_IntToStr_input+1, 0
0x013F	0x00F0      	MOVWF      R0
0x0140	0x3080      	MOVLW      128
0x0141	0x0270      	SUBWF      R0, 0
0x0142	0x1D03      	BTFSS      STATUS, 2
0x0143	0x2946      	GOTO       L__IntToStr115
0x0144	0x3000      	MOVLW      0
0x0145	0x0245      	SUBWF      FARG_IntToStr_input, 0
L__IntToStr115:
0x0146	0x1803      	BTFSC      STATUS, 0
0x0147	0x2954      	GOTO       L_IntToStr23
;__Lib_Conversions.c,155 :: 		
0x0148	0x3001      	MOVLW      1
0x0149	0x00CA      	MOVWF      IntToStr_negative_L0
0x014A	0x3000      	MOVLW      0
0x014B	0x00CB      	MOVWF      IntToStr_negative_L0+1
;__Lib_Conversions.c,156 :: 		
0x014C	0x0845      	MOVF       FARG_IntToStr_input, 0
0x014D	0x3C00      	SUBLW      0
0x014E	0x00CC      	MOVWF      IntToStr_inword_L0
0x014F	0x0846      	MOVF       FARG_IntToStr_input+1, 0
0x0150	0x1C03      	BTFSS      STATUS, 0
0x0151	0x3E01      	ADDLW      1
0x0152	0x01CD      	CLRF       IntToStr_inword_L0+1
0x0153	0x02CD      	SUBWF      IntToStr_inword_L0+1, 1
;__Lib_Conversions.c,157 :: 		
L_IntToStr23:
;__Lib_Conversions.c,158 :: 		
0x0154	0x084C      	MOVF       IntToStr_inword_L0, 0
0x0155	0x00CE      	MOVWF      FARG_WordToStr_input
0x0156	0x084D      	MOVF       IntToStr_inword_L0+1, 0
0x0157	0x00CF      	MOVWF      FARG_WordToStr_input+1
0x0158	0x0847      	MOVF       FARG_IntToStr_output, 0
0x0159	0x00D0      	MOVWF      FARG_WordToStr_output
0x015A	0x2081      	CALL       _WordToStr
;__Lib_Conversions.c,160 :: 		
0x015B	0x3006      	MOVLW      6
0x015C	0x00C8      	MOVWF      IntToStr_i_L0
0x015D	0x3000      	MOVLW      0
0x015E	0x00C9      	MOVWF      IntToStr_i_L0+1
;__Lib_Conversions.c,161 :: 		
L_IntToStr24:
0x015F	0x0849      	MOVF       IntToStr_i_L0+1, 0
0x0160	0x3C00      	SUBLW      0
0x0161	0x1D03      	BTFSS      STATUS, 2
0x0162	0x2965      	GOTO       L__IntToStr116
0x0163	0x0848      	MOVF       IntToStr_i_L0, 0
0x0164	0x3C00      	SUBLW      0
L__IntToStr116:
0x0165	0x1803      	BTFSC      STATUS, 0
0x0166	0x2980      	GOTO       L_IntToStr25
;__Lib_Conversions.c,162 :: 		
0x0167	0x0848      	MOVF       IntToStr_i_L0, 0
0x0168	0x0747      	ADDWF      FARG_IntToStr_output, 0
0x0169	0x00F2      	MOVWF      R2
0x016A	0x3001      	MOVLW      1
0x016B	0x0248      	SUBWF      IntToStr_i_L0, 0
0x016C	0x00F0      	MOVWF      R0
0x016D	0x3000      	MOVLW      0
0x016E	0x1C03      	BTFSS      STATUS, 0
0x016F	0x3E01      	ADDLW      1
0x0170	0x0249      	SUBWF      IntToStr_i_L0+1, 0
0x0171	0x00F1      	MOVWF      R0+1
0x0172	0x0870      	MOVF       R0, 0
0x0173	0x0747      	ADDWF      FARG_IntToStr_output, 0
0x0174	0x0084      	MOVWF      FSR
0x0175	0x0800      	MOVF       INDF, 0
0x0176	0x00F0      	MOVWF      R0
0x0177	0x0872      	MOVF       R2, 0
0x0178	0x0084      	MOVWF      FSR
0x0179	0x0870      	MOVF       R0, 0
0x017A	0x0080      	MOVWF      INDF
;__Lib_Conversions.c,163 :: 		
0x017B	0x3001      	MOVLW      1
0x017C	0x02C8      	SUBWF      IntToStr_i_L0, 1
0x017D	0x1C03      	BTFSS      STATUS, 0
0x017E	0x03C9      	DECF       IntToStr_i_L0+1, 1
;__Lib_Conversions.c,164 :: 		
0x017F	0x295F      	GOTO       L_IntToStr24
L_IntToStr25:
;__Lib_Conversions.c,165 :: 		
0x0180	0x0847      	MOVF       FARG_IntToStr_output, 0
0x0181	0x0084      	MOVWF      FSR
0x0182	0x3020      	MOVLW      32
0x0183	0x0080      	MOVWF      INDF
;__Lib_Conversions.c,166 :: 		
0x0184	0x084A      	MOVF       IntToStr_negative_L0, 0
0x0185	0x044B      	IORWF      IntToStr_negative_L0+1, 0
0x0186	0x1903      	BTFSC      STATUS, 2
0x0187	0x299E      	GOTO       L_IntToStr26
;__Lib_Conversions.c,167 :: 		
0x0188	0x01C8      	CLRF       IntToStr_i_L0
0x0189	0x01C9      	CLRF       IntToStr_i_L0+1
;__Lib_Conversions.c,168 :: 		
L_IntToStr27:
0x018A	0x0848      	MOVF       IntToStr_i_L0, 0
0x018B	0x0747      	ADDWF      FARG_IntToStr_output, 0
0x018C	0x0084      	MOVWF      FSR
0x018D	0x0800      	MOVF       INDF, 0
0x018E	0x3A20      	XORLW      32
0x018F	0x1D03      	BTFSS      STATUS, 2
0x0190	0x2995      	GOTO       L_IntToStr28
0x0191	0x0AC8      	INCF       IntToStr_i_L0, 1
0x0192	0x1903      	BTFSC      STATUS, 2
0x0193	0x0AC9      	INCF       IntToStr_i_L0+1, 1
0x0194	0x298A      	GOTO       L_IntToStr27
L_IntToStr28:
;__Lib_Conversions.c,169 :: 		
0x0195	0x3001      	MOVLW      1
0x0196	0x02C8      	SUBWF      IntToStr_i_L0, 1
0x0197	0x1C03      	BTFSS      STATUS, 0
0x0198	0x03C9      	DECF       IntToStr_i_L0+1, 1
;__Lib_Conversions.c,170 :: 		
0x0199	0x0848      	MOVF       IntToStr_i_L0, 0
0x019A	0x0747      	ADDWF      FARG_IntToStr_output, 0
0x019B	0x0084      	MOVWF      FSR
0x019C	0x302D      	MOVLW      45
0x019D	0x0080      	MOVWF      INDF
L_IntToStr26:
;__Lib_Conversions.c,171 :: 		
L_end_IntToStr:
0x019E	0x0008      	RETURN
; end of _IntToStr
_Lcd_Init:
;__Lib_Lcd.c,84 :: 		
;__Lib_Lcd.c,86 :: 		
0x019F	0x1683      	BSF        STATUS, 5
0x01A0	0x1303      	BCF        STATUS, 6
0x01A1	0x1089      	BCF        LCD_EN_Direction, BitPos(LCD_EN_Direction+0)
;__Lib_Lcd.c,87 :: 		
0x01A2	0x1109      	BCF        LCD_RS_Direction, BitPos(LCD_RS_Direction+0)
;__Lib_Lcd.c,88 :: 		
0x01A3	0x1009      	BCF        LCD_D4_Direction, BitPos(LCD_D4_Direction+0)
;__Lib_Lcd.c,89 :: 		
0x01A4	0x1285      	BCF        LCD_D5_Direction, BitPos(LCD_D5_Direction+0)
;__Lib_Lcd.c,90 :: 		
0x01A5	0x1185      	BCF        LCD_D6_Direction, BitPos(LCD_D6_Direction+0)
;__Lib_Lcd.c,91 :: 		
0x01A6	0x1105      	BCF        LCD_D7_Direction, BitPos(LCD_D7_Direction+0)
;__Lib_Lcd.c,93 :: 		
0x01A7	0x1283      	BCF        STATUS, 5
0x01A8	0x1089      	BCF        LCD_EN, BitPos(LCD_EN+0)
;__Lib_Lcd.c,94 :: 		
0x01A9	0x1109      	BCF        LCD_RS, BitPos(LCD_RS+0)
;__Lib_Lcd.c,95 :: 		
0x01AA	0x1105      	BCF        LCD_D7, BitPos(LCD_D7+0)
;__Lib_Lcd.c,96 :: 		
0x01AB	0x1185      	BCF        LCD_D6, BitPos(LCD_D6+0)
;__Lib_Lcd.c,97 :: 		
0x01AC	0x1285      	BCF        LCD_D5, BitPos(LCD_D5+0)
;__Lib_Lcd.c,98 :: 		
0x01AD	0x1009      	BCF        LCD_D4, BitPos(LCD_D4+0)
;__Lib_Lcd.c,100 :: 		
0x01AE	0x2010      	CALL       _Delay_5500us
;__Lib_Lcd.c,101 :: 		
0x01AF	0x2010      	CALL       _Delay_5500us
;__Lib_Lcd.c,102 :: 		
0x01B0	0x2010      	CALL       _Delay_5500us
;__Lib_Lcd.c,105 :: 		
0x01B1	0x1685      	BSF        LCD_D5, BitPos(LCD_D5+0)
;__Lib_Lcd.c,106 :: 		
0x01B2	0x1409      	BSF        LCD_D4, BitPos(LCD_D4+0)
;__Lib_Lcd.c,107 :: 		
0x01B3	0x1489      	BSF        LCD_EN, BitPos(LCD_EN+0)
;__Lib_Lcd.c,108 :: 		
0x01B4	0x2003      	CALL       _Delay_1us
;__Lib_Lcd.c,109 :: 		
0x01B5	0x1089      	BCF        LCD_EN, BitPos(LCD_EN+0)
;__Lib_Lcd.c,110 :: 		
0x01B6	0x2010      	CALL       _Delay_5500us
;__Lib_Lcd.c,112 :: 		
0x01B7	0x1489      	BSF        LCD_EN, BitPos(LCD_EN+0)
;__Lib_Lcd.c,113 :: 		
0x01B8	0x2003      	CALL       _Delay_1us
;__Lib_Lcd.c,114 :: 		
0x01B9	0x1089      	BCF        LCD_EN, BitPos(LCD_EN+0)
;__Lib_Lcd.c,115 :: 		
0x01BA	0x2010      	CALL       _Delay_5500us
;__Lib_Lcd.c,117 :: 		
0x01BB	0x1489      	BSF        LCD_EN, BitPos(LCD_EN+0)
;__Lib_Lcd.c,118 :: 		
0x01BC	0x2003      	CALL       _Delay_1us
;__Lib_Lcd.c,119 :: 		
0x01BD	0x1089      	BCF        LCD_EN, BitPos(LCD_EN+0)
;__Lib_Lcd.c,120 :: 		
0x01BE	0x2010      	CALL       _Delay_5500us
;__Lib_Lcd.c,123 :: 		
0x01BF	0x1009      	BCF        LCD_D4, BitPos(LCD_D4+0)
;__Lib_Lcd.c,124 :: 		
0x01C0	0x1489      	BSF        LCD_EN, BitPos(LCD_EN+0)
;__Lib_Lcd.c,125 :: 		
0x01C1	0x2003      	CALL       _Delay_1us
;__Lib_Lcd.c,126 :: 		
0x01C2	0x1089      	BCF        LCD_EN, BitPos(LCD_EN+0)
;__Lib_Lcd.c,127 :: 		
0x01C3	0x2010      	CALL       _Delay_5500us
;__Lib_Lcd.c,130 :: 		
0x01C4	0x1489      	BSF        LCD_EN, BitPos(LCD_EN+0)
;__Lib_Lcd.c,131 :: 		
0x01C5	0x2003      	CALL       _Delay_1us
;__Lib_Lcd.c,132 :: 		
0x01C6	0x1089      	BCF        LCD_EN, BitPos(LCD_EN+0)
;__Lib_Lcd.c,134 :: 		
0x01C7	0x1285      	BCF        LCD_D5, BitPos(LCD_D5+0)
;__Lib_Lcd.c,135 :: 		
0x01C8	0x1505      	BSF        LCD_D7, BitPos(LCD_D7+0)
;__Lib_Lcd.c,136 :: 		
0x01C9	0x1489      	BSF        LCD_EN, BitPos(LCD_EN+0)
;__Lib_Lcd.c,137 :: 		
0x01CA	0x2003      	CALL       _Delay_1us
;__Lib_Lcd.c,138 :: 		
0x01CB	0x1089      	BCF        LCD_EN, BitPos(LCD_EN+0)
;__Lib_Lcd.c,139 :: 		
0x01CC	0x2010      	CALL       _Delay_5500us
;__Lib_Lcd.c,142 :: 		
0x01CD	0x1105      	BCF        LCD_D7, BitPos(LCD_D7+0)
;__Lib_Lcd.c,143 :: 		
0x01CE	0x1409      	BSF        LCD_D4, BitPos(LCD_D4+0)
;__Lib_Lcd.c,144 :: 		
0x01CF	0x1489      	BSF        LCD_EN, BitPos(LCD_EN+0)
;__Lib_Lcd.c,145 :: 		
0x01D0	0x2003      	CALL       _Delay_1us
;__Lib_Lcd.c,146 :: 		
0x01D1	0x1089      	BCF        LCD_EN, BitPos(LCD_EN+0)
;__Lib_Lcd.c,148 :: 		
0x01D2	0x1009      	BCF        LCD_D4, BitPos(LCD_D4+0)
;__Lib_Lcd.c,149 :: 		
0x01D3	0x1489      	BSF        LCD_EN, BitPos(LCD_EN+0)
;__Lib_Lcd.c,150 :: 		
0x01D4	0x2003      	CALL       _Delay_1us
;__Lib_Lcd.c,151 :: 		
0x01D5	0x1089      	BCF        LCD_EN, BitPos(LCD_EN+0)
;__Lib_Lcd.c,152 :: 		
0x01D6	0x2010      	CALL       _Delay_5500us
;__Lib_Lcd.c,155 :: 		
0x01D7	0x1489      	BSF        LCD_EN, BitPos(LCD_EN+0)
;__Lib_Lcd.c,156 :: 		
0x01D8	0x2003      	CALL       _Delay_1us
;__Lib_Lcd.c,157 :: 		
0x01D9	0x1089      	BCF        LCD_EN, BitPos(LCD_EN+0)
;__Lib_Lcd.c,159 :: 		
0x01DA	0x1409      	BSF        LCD_D4, BitPos(LCD_D4+0)
;__Lib_Lcd.c,160 :: 		
0x01DB	0x1489      	BSF        LCD_EN, BitPos(LCD_EN+0)
;__Lib_Lcd.c,161 :: 		
0x01DC	0x2003      	CALL       _Delay_1us
;__Lib_Lcd.c,162 :: 		
0x01DD	0x1089      	BCF        LCD_EN, BitPos(LCD_EN+0)
;__Lib_Lcd.c,163 :: 		
0x01DE	0x2010      	CALL       _Delay_5500us
;__Lib_Lcd.c,166 :: 		
0x01DF	0x1009      	BCF        LCD_D4, BitPos(LCD_D4+0)
;__Lib_Lcd.c,167 :: 		
0x01E0	0x1489      	BSF        LCD_EN, BitPos(LCD_EN+0)
;__Lib_Lcd.c,168 :: 		
0x01E1	0x2003      	CALL       _Delay_1us
;__Lib_Lcd.c,169 :: 		
0x01E2	0x1089      	BCF        LCD_EN, BitPos(LCD_EN+0)
;__Lib_Lcd.c,171 :: 		
0x01E3	0x1505      	BSF        LCD_D7, BitPos(LCD_D7+0)
;__Lib_Lcd.c,172 :: 		
0x01E4	0x1585      	BSF        LCD_D6, BitPos(LCD_D6+0)
;__Lib_Lcd.c,173 :: 		
0x01E5	0x1685      	BSF        LCD_D5, BitPos(LCD_D5+0)
;__Lib_Lcd.c,174 :: 		
0x01E6	0x1409      	BSF        LCD_D4, BitPos(LCD_D4+0)
;__Lib_Lcd.c,175 :: 		
0x01E7	0x1489      	BSF        LCD_EN, BitPos(LCD_EN+0)
;__Lib_Lcd.c,176 :: 		
0x01E8	0x2003      	CALL       _Delay_1us
;__Lib_Lcd.c,177 :: 		
0x01E9	0x1089      	BCF        LCD_EN, BitPos(LCD_EN+0)
;__Lib_Lcd.c,179 :: 		
0x01EA	0x2010      	CALL       _Delay_5500us
;__Lib_Lcd.c,181 :: 		
0x01EB	0x1438      	BSF        __Lib_Lcd_cmd_status, BitPos(__Lib_Lcd_cmd_status+0)
;__Lib_Lcd.c,182 :: 		
L_end_Lcd_Init:
0x01EC	0x0008      	RETURN
; end of _Lcd_Init
___CC2DW:
;__Lib_System.c,134 :: 		
;__Lib_System.c,137 :: 		
_CC2D_Loop1:
;__Lib_System.c,139 :: 		
0x01ED	0x207A      	CALL       _____DoICP
0x01EE	0x118A      	BCF        PCLATH, 3
0x01EF	0x120A      	BCF        PCLATH, 4
;__Lib_System.c,141 :: 		
0x01F0	0x0080      	MOVWF      INDF
;__Lib_System.c,142 :: 		
0x01F1	0x0A84      	INCF       FSR, 1
;__Lib_System.c,143 :: 		
0x01F2	0x0AAA      	INCF       ___DoICPAddr, 1
;__Lib_System.c,145 :: 		
0x01F3	0x1903      	BTFSC      STATUS, 2
;__Lib_System.c,146 :: 		
0x01F4	0x0AAB      	INCF       ___DoICPAddr+1, 1
;__Lib_System.c,147 :: 		
0x01F5	0x03F0      	DECF       R0, 1
;__Lib_System.c,149 :: 		
0x01F6	0x1D03      	BTFSS      STATUS, 2
;__Lib_System.c,150 :: 		
0x01F7	0x29ED      	GOTO       _CC2D_Loop1
;__Lib_System.c,152 :: 		
L_end___CC2DW:
0x01F8	0x0008      	RETURN
; end of ___CC2DW
_main:
0x01F9	0x3044      	MOVLW      68
0x01FA	0x1283      	BCF        STATUS, 5
0x01FB	0x1303      	BCF        STATUS, 6
0x01FC	0x00A0      	MOVWF      _txt2
0x01FD	0x304F      	MOVLW      79
0x01FE	0x00A1      	MOVWF      33
0x01FF	0x3057      	MOVLW      87
0x0200	0x00A2      	MOVWF      34
0x0201	0x304E      	MOVLW      78
0x0202	0x00A3      	MOVWF      35
0x0203	0x303A      	MOVLW      58
0x0204	0x00A4      	MOVWF      36
0x0205	0x01A5      	CLRF       37
0x0206	0x3055      	MOVLW      85
0x0207	0x00A6      	MOVWF      _txt1
0x0208	0x3050      	MOVLW      80
0x0209	0x00A7      	MOVWF      39
0x020A	0x303A      	MOVLW      58
0x020B	0x00A8      	MOVWF      40
0x020C	0x01A9      	CLRF       41
;MyProject.c,30 :: 		void main()
;MyProject.c,32 :: 		ADCON1=0b00001110;
0x020D	0x300E      	MOVLW      14
0x020E	0x1683      	BSF        STATUS, 5
0x020F	0x009F      	MOVWF      ADCON1
;MyProject.c,34 :: 		TRISD=0;
0x0210	0x0188      	CLRF       TRISD
;MyProject.c,35 :: 		PORTD=1;
0x0211	0x3001      	MOVLW      1
0x0212	0x1283      	BCF        STATUS, 5
0x0213	0x0088      	MOVWF      PORTD
;MyProject.c,36 :: 		Delay_ms(200);               // Atraso de 0,2 segundo
0x0214	0x3006      	MOVLW      6
0x0215	0x00FB      	MOVWF      R11
0x0216	0x3013      	MOVLW      19
0x0217	0x00FC      	MOVWF      R12
0x0218	0x30AD      	MOVLW      173
0x0219	0x00FD      	MOVWF      R13
L_main0:
0x021A	0x0BFD      	DECFSZ     R13, 1
0x021B	0x2A1A      	GOTO       L_main0
0x021C	0x0BFC      	DECFSZ     R12, 1
0x021D	0x2A1A      	GOTO       L_main0
0x021E	0x0BFB      	DECFSZ     R11, 1
0x021F	0x2A1A      	GOTO       L_main0
0x0220	0x0000      	NOP
0x0221	0x0000      	NOP
;MyProject.c,37 :: 		Lcd_Init();                        // Inicializa o LCD
0x0222	0x219F      	CALL       _Lcd_Init
;MyProject.c,38 :: 		Lcd_Cmd(_LCD_CURSOR_OFF);          // Desliga o cursor
0x0223	0x300C      	MOVLW      12
0x0224	0x00D3      	MOVWF      FARG_Lcd_Cmd_out_char
0x0225	0x203A      	CALL       _Lcd_Cmd
;MyProject.c,40 :: 		while(1)                          // Loop infinito
L_main1:
;MyProject.c,42 :: 		contador2=256;
0x0226	0x3000      	MOVLW      0
0x0227	0x00C3      	MOVWF      _contador2
0x0228	0x3001      	MOVLW      1
0x0229	0x00C4      	MOVWF      _contador2+1
;MyProject.c,43 :: 		Lcd_Cmd(_LCD_CLEAR);               // Limpa o display
0x022A	0x3001      	MOVLW      1
0x022B	0x00D3      	MOVWF      FARG_Lcd_Cmd_out_char
0x022C	0x203A      	CALL       _Lcd_Cmd
;MyProject.c,44 :: 		Lcd_Out(1,1,txt1);                 // Escreve texto na posição: linha=1,coluna=1
0x022D	0x3001      	MOVLW      1
0x022E	0x00C5      	MOVWF      FARG_Lcd_Out_row
0x022F	0x3001      	MOVLW      1
0x0230	0x00C6      	MOVWF      FARG_Lcd_Out_column
0x0231	0x3026      	MOVLW      _txt1
0x0232	0x00C7      	MOVWF      FARG_Lcd_Out_text
0x0233	0x20F5      	CALL       _Lcd_Out
;MyProject.c,46 :: 		Lcd_Out(2,1,txt2);                 // Escreve texto na posição: linha=2,coluna=1
0x0234	0x3002      	MOVLW      2
0x0235	0x00C5      	MOVWF      FARG_Lcd_Out_row
0x0236	0x3001      	MOVLW      1
0x0237	0x00C6      	MOVWF      FARG_Lcd_Out_column
0x0238	0x3020      	MOVLW      _txt2
0x0239	0x00C7      	MOVWF      FARG_Lcd_Out_text
0x023A	0x20F5      	CALL       _Lcd_Out
;MyProject.c,48 :: 		for(contador1=0; contador1<256; contador1++) // Desloca o texto para a esquerda 7 vezes
0x023B	0x01B6      	CLRF       _contador1
0x023C	0x01B7      	CLRF       _contador1+1
L_main3:
0x023D	0x3080      	MOVLW      128
0x023E	0x0637      	XORWF      _contador1+1, 0
0x023F	0x00F0      	MOVWF      R0
0x0240	0x3080      	MOVLW      128
0x0241	0x3A01      	XORLW      1
0x0242	0x0270      	SUBWF      R0, 0
0x0243	0x1D03      	BTFSS      STATUS, 2
0x0244	0x2A47      	GOTO       L__main14
0x0245	0x3000      	MOVLW      0
0x0246	0x0236      	SUBWF      _contador1, 0
L__main14:
0x0247	0x1803      	BTFSC      STATUS, 0
0x0248	0x2ABD      	GOTO       L_main4
;MyProject.c,50 :: 		IntToStr(contador1,valor1);
0x0249	0x0836      	MOVF       _contador1, 0
0x024A	0x00C5      	MOVWF      FARG_IntToStr_input
0x024B	0x0837      	MOVF       _contador1+1, 0
0x024C	0x00C6      	MOVWF      FARG_IntToStr_input+1
0x024D	0x302C      	MOVLW      _valor1
0x024E	0x00C7      	MOVWF      FARG_IntToStr_output
0x024F	0x2135      	CALL       _IntToStr
;MyProject.c,51 :: 		Ltrim(valor1);
0x0250	0x302C      	MOVLW      _valor1
0x0251	0x00C5      	MOVWF      FARG_Ltrim_string
0x0252	0x20C9      	CALL       _Ltrim
;MyProject.c,52 :: 		Lcd_Out(1,7,valor1);          // Escreve texto na posição: linha=1,coluna=10
0x0253	0x3001      	MOVLW      1
0x0254	0x00C5      	MOVWF      FARG_Lcd_Out_row
0x0255	0x3007      	MOVLW      7
0x0256	0x00C6      	MOVWF      FARG_Lcd_Out_column
0x0257	0x302C      	MOVLW      _valor1
0x0258	0x00C7      	MOVWF      FARG_Lcd_Out_text
0x0259	0x20F5      	CALL       _Lcd_Out
;MyProject.c,54 :: 		Delay_ms(200);               // Atraso de 0,2 segundo
0x025A	0x3006      	MOVLW      6
0x025B	0x00FB      	MOVWF      R11
0x025C	0x3013      	MOVLW      19
0x025D	0x00FC      	MOVWF      R12
0x025E	0x30AD      	MOVLW      173
0x025F	0x00FD      	MOVWF      R13
L_main6:
0x0260	0x0BFD      	DECFSZ     R13, 1
0x0261	0x2A60      	GOTO       L_main6
0x0262	0x0BFC      	DECFSZ     R12, 1
0x0263	0x2A60      	GOTO       L_main6
0x0264	0x0BFB      	DECFSZ     R11, 1
0x0265	0x2A60      	GOTO       L_main6
0x0266	0x0000      	NOP
0x0267	0x0000      	NOP
;MyProject.c,55 :: 		contador2--;
0x0268	0x3001      	MOVLW      1
0x0269	0x02C3      	SUBWF      _contador2, 1
0x026A	0x1C03      	BTFSS      STATUS, 0
0x026B	0x03C4      	DECF       _contador2+1, 1
;MyProject.c,56 :: 		IntToStr(contador2,valor2);
0x026C	0x0843      	MOVF       _contador2, 0
0x026D	0x00C5      	MOVWF      FARG_IntToStr_input
0x026E	0x0844      	MOVF       _contador2+1, 0
0x026F	0x00C6      	MOVWF      FARG_IntToStr_input+1
0x0270	0x3039      	MOVLW      _valor2
0x0271	0x00C7      	MOVWF      FARG_IntToStr_output
0x0272	0x2135      	CALL       _IntToStr
;MyProject.c,57 :: 		Ltrim(valor2);
0x0273	0x3039      	MOVLW      _valor2
0x0274	0x00C5      	MOVWF      FARG_Ltrim_string
0x0275	0x20C9      	CALL       _Ltrim
;MyProject.c,58 :: 		if(contador2==99 || contador2==9)
0x0276	0x3000      	MOVLW      0
0x0277	0x0644      	XORWF      _contador2+1, 0
0x0278	0x1D03      	BTFSS      STATUS, 2
0x0279	0x2A7C      	GOTO       L__main15
0x027A	0x3063      	MOVLW      99
0x027B	0x0643      	XORWF      _contador2, 0
L__main15:
0x027C	0x1903      	BTFSC      STATUS, 2
0x027D	0x2A87      	GOTO       L__main12
0x027E	0x3000      	MOVLW      0
0x027F	0x0644      	XORWF      _contador2+1, 0
0x0280	0x1D03      	BTFSS      STATUS, 2
0x0281	0x2A84      	GOTO       L__main16
0x0282	0x3009      	MOVLW      9
0x0283	0x0643      	XORWF      _contador2, 0
L__main16:
0x0284	0x1903      	BTFSC      STATUS, 2
0x0285	0x2A87      	GOTO       L__main12
0x0286	0x2A98      	GOTO       L_main9
L__main12:
;MyProject.c,60 :: 		Lcd_Cmd(_LCD_CLEAR);               // Limpa o display
0x0287	0x3001      	MOVLW      1
0x0288	0x00D3      	MOVWF      FARG_Lcd_Cmd_out_char
0x0289	0x203A      	CALL       _Lcd_Cmd
;MyProject.c,61 :: 		Lcd_Out(1,1,txt1);                 // Escreve texto na posição: linha=1,coluna=1
0x028A	0x3001      	MOVLW      1
0x028B	0x00C5      	MOVWF      FARG_Lcd_Out_row
0x028C	0x3001      	MOVLW      1
0x028D	0x00C6      	MOVWF      FARG_Lcd_Out_column
0x028E	0x3026      	MOVLW      _txt1
0x028F	0x00C7      	MOVWF      FARG_Lcd_Out_text
0x0290	0x20F5      	CALL       _Lcd_Out
;MyProject.c,63 :: 		Lcd_Out(2,1,txt2);                 // Escreve texto na posição: linha=2,coluna=1
0x0291	0x3002      	MOVLW      2
0x0292	0x00C5      	MOVWF      FARG_Lcd_Out_row
0x0293	0x3001      	MOVLW      1
0x0294	0x00C6      	MOVWF      FARG_Lcd_Out_column
0x0295	0x3020      	MOVLW      _txt2
0x0296	0x00C7      	MOVWF      FARG_Lcd_Out_text
0x0297	0x20F5      	CALL       _Lcd_Out
;MyProject.c,65 :: 		}
L_main9:
;MyProject.c,66 :: 		Lcd_Out(2,7,valor2);          // Escreve texto na posição: linha=1,coluna=10
0x0298	0x3002      	MOVLW      2
0x0299	0x00C5      	MOVWF      FARG_Lcd_Out_row
0x029A	0x3007      	MOVLW      7
0x029B	0x00C6      	MOVWF      FARG_Lcd_Out_column
0x029C	0x3039      	MOVLW      _valor2
0x029D	0x00C7      	MOVWF      FARG_Lcd_Out_text
0x029E	0x20F5      	CALL       _Lcd_Out
;MyProject.c,68 :: 		Delay_ms(200);               // Atraso de 0,2 segundo
0x029F	0x3006      	MOVLW      6
0x02A0	0x00FB      	MOVWF      R11
0x02A1	0x3013      	MOVLW      19
0x02A2	0x00FC      	MOVWF      R12
0x02A3	0x30AD      	MOVLW      173
0x02A4	0x00FD      	MOVWF      R13
L_main10:
0x02A5	0x0BFD      	DECFSZ     R13, 1
0x02A6	0x2AA5      	GOTO       L_main10
0x02A7	0x0BFC      	DECFSZ     R12, 1
0x02A8	0x2AA5      	GOTO       L_main10
0x02A9	0x0BFB      	DECFSZ     R11, 1
0x02AA	0x2AA5      	GOTO       L_main10
0x02AB	0x0000      	NOP
0x02AC	0x0000      	NOP
;MyProject.c,70 :: 		PORTD=PORTD<<1;
0x02AD	0x0808      	MOVF       PORTD, 0
0x02AE	0x00F0      	MOVWF      R0
0x02AF	0x0DF0      	RLF        R0, 1
0x02B0	0x1070      	BCF        R0, 0
0x02B1	0x0870      	MOVF       R0, 0
0x02B2	0x0088      	MOVWF      PORTD
;MyProject.c,71 :: 		if(PORTD==0)
0x02B3	0x0808      	MOVF       PORTD, 0
0x02B4	0x3A00      	XORLW      0
0x02B5	0x1D03      	BTFSS      STATUS, 2
0x02B6	0x2AB9      	GOTO       L_main11
;MyProject.c,73 :: 		PORTD=1;
0x02B7	0x3001      	MOVLW      1
0x02B8	0x0088      	MOVWF      PORTD
;MyProject.c,74 :: 		}
L_main11:
;MyProject.c,48 :: 		for(contador1=0; contador1<256; contador1++) // Desloca o texto para a esquerda 7 vezes
0x02B9	0x0AB6      	INCF       _contador1, 1
0x02BA	0x1903      	BTFSC      STATUS, 2
0x02BB	0x0AB7      	INCF       _contador1+1, 1
;MyProject.c,76 :: 		}
0x02BC	0x2A3D      	GOTO       L_main3
L_main4:
;MyProject.c,77 :: 		}
0x02BD	0x2A26      	GOTO       L_main1
;MyProject.c,78 :: 		}
L_end_main:
0x02BE	0x2ABE      	GOTO       $+0
; end of _main
Symbol List:
//** Routines locations **
//ADDRESS    SIZE    PROCEDURE
//----------------------------------------------
0x0003       [6]    _Delay_1us
0x0009       [7]    _Delay_50us
0x0010      [13]    _Delay_5500us
0x001D      [29]    _Div_16X16_U
0x003A      [64]    _Lcd_Cmd
0x007A       [7]    _____DoICP
0x0081      [64]    _WordToStr
0x00C1       [8]    _Lcd_Chr_CP
0x00C9      [44]    _Ltrim
0x00F5      [64]    _Lcd_Out
0x0135     [106]    _IntToStr
0x019F      [78]    _Lcd_Init
0x01ED      [12]    ___CC2DW
0x01F9     [198]    _main
//** Variables locations ** 
//ADDRESS    SIZE    VARIABLE
//----------------------------------------------
0x0000       [1]    INDF
0x0002       [1]    PCL
0x0003       [1]    STATUS
0x0004       [1]    FSR
0x0005       [0]    RA5_bit
0x0005       [0]    LCD_D7
0x0005       [0]    LCD_D6
0x0005       [0]    RA2_bit
0x0005       [0]    LCD_D5
0x0005       [0]    RA3_bit
0x0008       [1]    PORTD
0x0009       [0]    LCD_EN
0x0009       [0]    RE1_bit
0x0009       [0]    RE2_bit
0x0009       [0]    RE0_bit
0x0009       [0]    LCD_D4
0x0009       [0]    LCD_RS
0x000A       [1]    PCLATH
0x0020       [6]    _txt2
0x0026       [4]    _txt1
0x002A       [2]    ___DoICPAddr
0x002C      [10]    _valor1
0x0036       [2]    _contador1
0x0038       [0]    __Lib_Lcd_cmd_status
0x0039      [10]    _valor2
0x0043       [2]    _contador2
0x0045       [1]    FARG_Ltrim_string
0x0045       [1]    FARG_Lcd_Out_row
0x0045       [2]    FARG_IntToStr_input
0x0046       [1]    FARG_Lcd_Out_column
0x0046       [2]    Ltrim_trimmed_L0
0x0047       [1]    FARG_Lcd_Out_text
0x0047       [1]    FARG_IntToStr_output
0x0048       [1]    Lcd_Out_i_L0
0x0048       [2]    IntToStr_i_L0
0x004A       [2]    IntToStr_negative_L0
0x004C       [2]    IntToStr_inword_L0
0x004E       [2]    FARG_WordToStr_input
0x004E       [1]    FARG_Lcd_Chr_CP_out_char
0x0050       [1]    FARG_WordToStr_output
0x0051       [1]    WordToStr_len_L0
0x0052       [1]    FLOC__WordToStr
0x0053       [1]    FARG_Lcd_Cmd_out_char
0x0070       [1]    R0
0x0071       [1]    R1
0x0072       [1]    R2
0x0073       [1]    R3
0x0074       [1]    R4
0x0075       [1]    R5
0x0076       [1]    R6
0x0077       [1]    R7
0x0078       [1]    R8
0x0079       [1]    R9
0x007A       [1]    R10
0x007B       [1]    R11
0x007C       [1]    R12
0x007D       [1]    R13
0x007E       [1]    R14
0x007F       [1]    R15
0x0085       [0]    LCD_D6_Direction
0x0085       [0]    TRISA3_bit
0x0085       [0]    TRISA5_bit
0x0085       [0]    LCD_D7_Direction
0x0085       [0]    TRISA2_bit
0x0085       [0]    LCD_D5_Direction
0x0088       [1]    TRISD
0x0089       [0]    LCD_EN_Direction
0x0089       [0]    LCD_RS_Direction
0x0089       [0]    TRISE1_bit
0x0089       [0]    TRISE2_bit
0x0089       [0]    TRISE0_bit
0x0089       [0]    LCD_D4_Direction
0x009F       [1]    ADCON1
