0	1	mikroCPIC1618.exe -MSF -DBG -pP16F877A -GC -DL -O11111114 -fo20 -N"C:\Documents and Settings\aluno\Desktop\programa final\SERIAL-BÁSICA-MICROC\SERIAL-BÁSICA-MICROC.mcppi" -SP"C:\Arquivos de programas\Mikroelektronika\mikroC PRO for PIC\defs\" -SP"C:\Arquivos de programas\Mikroelektronika\mikroC PRO for PIC\Uses\P16\" -SP"C:\Documents and Settings\aluno\Desktop\programa final\SERIAL-BÁSICA-MICROC\" -SP"C:\Program Files\Mikroelektronika\mikroC PRO for PIC\defs\" -SP"C:\Program Files\Mikroelektronika\mikroC PRO for PIC\Uses\P16\" -SP"C:\Users\Luiggi R M\Desktop\programa final\SERIAL-BÁSICA-MICROC\" -SP"D:\programa final\SERIAL-BÁSICA-MICROC\" -SP"C:\Users\Luiggi R M\Desktop\SERIAL-BÁSICA-MICROC\" -SP"F:\DADOS-DOUG\1.23\MCC03\AULAS\SERIAL\SERIAL-BÁSICA-MICROC\" -SP"C:\Program Files (x86)\Mikroelektronika\mikroC PRO for PIC\defs\" -SP"C:\Program Files (x86)\Mikroelektronika\mikroC PRO for PIC\Uses\P16\" -SP"P:\DADOS-DOUG\1.23\MCC03\AULAS\SERIAL\SERIAL-BÁSICA-MICROC\" -SP"D:\DADOS-DOUG\1.23\MCC03\AULAS\SERIAL\SERIAL-BÁSICA-MICROC\" -SP"F:\dados_\1.23\MCC03\AULAS\SERIAL\SERIAL-BÁSICA-MICROC\" -SP"F:\dados_\1.23\MCC03\AULAS\SERIAL\" "SERIAL-BÁSICA-MICROC.c" "__Lib_Math.mcl" "__Lib_MathDouble.mcl" "__Lib_System.mcl" "__Lib_Delays.mcl" "__Lib_CType.mcl" "__Lib_CString.mcl" "__Lib_CStdlib.mcl" "__Lib_CMath.mcl" "__Lib_Conversions.mcl" "__Lib_Sprinti.mcl" "__Lib_Sprintl.mcl" "__Lib_Time.mcl" "__Lib_Trigonometry.mcl" "__Lib_Button.mcl" "__Lib_Keypad4x4.mcl" "__Lib_Manchester.mcl" "__Lib_OneWire.mcl" "__Lib_PS2.mcl" "__Lib_Sound.mcl" "__Lib_SoftI2C.mcl" "__Lib_SoftSPI.mcl" "__Lib_SoftUART.mcl" "__Lib_ADC_A_C.mcl" "__Lib_EEPROM.mcl" "__Lib_FLASH_RW.mcl" "__Lib_I2C_c34.mcl" "__Lib_PWM_c21.mcl" "__Lib_SPI_c345.mcl" "__Lib_UART_c67.mcl" "__Lib_PortExpander.mcl" "__Lib_CANSPI.mcl" "__Lib_CF.mcl" "__Lib_GlcdFonts.mcl" "__Lib_Glcd.mcl" "__Lib_LcdConsts.mcl" "__Lib_Lcd.mcl" "__Lib_RS485.mcl" "__Lib_S1D13700.mcl" "__Lib_T6963C.mcl" "__Lib_SPIGlcd.mcl" "__Lib_SPILcd.mcl" "__Lib_SPILcd8.mcl" "__Lib_SPIT6963C.mcl" "__Lib_EthEnc28j60.mcl" "__Lib_EthEnc24j600.mcl" "__Lib_TouchPanel.mcl"	 
warning: 0	1501	Specified search path does not exist: 'C:\Program Files\Mikroelektronika\mikroC PRO for PIC\defs'	 
warning: 0	1501	Specified search path does not exist: 'C:\Program Files\Mikroelektronika\mikroC PRO for PIC\Uses\P16'	 
warning: 0	1501	Specified search path does not exist: 'C:\Users\Luiggi R M\Desktop\programa final\SERIAL-BÁSICA-MICROC'	 
warning: 0	1501	Specified search path does not exist: 'C:\Users\Luiggi R M\Desktop\SERIAL-BÁSICA-MICROC'	 
warning: 0	1501	Specified search path does not exist: 'F:\DADOS-DOUG\1.23\MCC03\AULAS\SERIAL\SERIAL-BÁSICA-MICROC'	 
warning: 0	1501	Specified search path does not exist: 'C:\Program Files (x86)\Mikroelektronika\mikroC PRO for PIC\defs'	 
warning: 0	1501	Specified search path does not exist: 'C:\Program Files (x86)\Mikroelektronika\mikroC PRO for PIC\Uses\P16'	 
warning: 0	1501	Specified search path does not exist: 'P:\DADOS-DOUG\1.23\MCC03\AULAS\SERIAL\SERIAL-BÁSICA-MICROC'	 
warning: 0	1501	Specified search path does not exist: 'D:\DADOS-DOUG\1.23\MCC03\AULAS\SERIAL\SERIAL-BÁSICA-MICROC'	 
warning: 0	1501	Specified search path does not exist: 'F:\dados_\1.23\MCC03\AULAS\SERIAL\SERIAL-BÁSICA-MICROC'	 
warning: 0	1501	Specified search path does not exist: 'F:\dados_\1.23\MCC03\AULAS\SERIAL'	 
hint: 0	1139	Available RAM: 352 [bytes], Available ROM: 8192 [bytes]	 
diagnostics: 0	126	All files Preprocessed in 93 ms	 
diagnostics: 0	122	Compilation Started	SERIAL-BÁSICA-MICROC.c
warning: 32	1509	Generated baud rate is 9615 bps (error = 0.16 percent)	SERIAL-BÁSICA-MICROC.c
diagnostics: 110	123	Compiled Successfully	SERIAL-BÁSICA-MICROC.c
diagnostics: 0	127	All files Compiled in 94 ms	 
hint: 0	1144	Used RAM (bytes): 131 (37%)  Free RAM (bytes): 221 (63%)	Used RAM (bytes): 131 (37%)  Free RAM (bytes): 221 (63%)
hint: 0	1144	Used ROM (program words): 776 (9%)  Free ROM (program words): 7416 (91%)	Used ROM (program words): 776 (9%)  Free ROM (program words): 7416 (91%)
diagnostics: 0	125	Project Linked Successfully	SERIAL-BÁSICA-MICROC.mcppi
hint: 0	1004	COFF file successfully generated	COFF file successfully generated
diagnostics: 0	128	Linked in 578 ms	 
diagnostics: 0	129	Project 'SERIAL-BÁSICA-MICROC.mcppi' completed: 875 ms	 
diagnostics: 0	103	Finished successfully: 11 jun 2012, 17:43:53	SERIAL-BÁSICA-MICROC.mcppi
