;  LST file generated by mikroListExporter - v.2.0 
; Date/Time: 11/11/2010 10:14:56
;----------------------------------------------

;Address Opcode 	ASM
0x0000	0x2841      	GOTO       65
_____DoICP:
;__Lib_System.c,6 :: 		
;__Lib_System.c,9 :: 		
0x0003	0x1283      	BCF        STATUS, 5
0x0004	0x1303      	BCF        STATUS, 6
0x0005	0x0821      	MOVF       ___DoICPAddr+1, 0
0x0006	0x008A      	MOVWF      PCLATH
;__Lib_System.c,10 :: 		
0x0007	0x0820      	MOVF       ___DoICPAddr, 0
0x0008	0x0082      	MOVWF      PCL
;__Lib_System.c,12 :: 		
0x0009	0x0008      	RETURN
; end of _____DoICP
_Delay_22us:
;__Lib_Delays.c,15 :: 		void Delay_22us() {
;__Lib_Delays.c,16 :: 		Delay_us(22);
0x000A	0x3007      	MOVLW      7
0x000B	0x1283      	BCF        STATUS, 5
0x000C	0x1303      	BCF        STATUS, 6
0x000D	0x00FD      	MOVWF      R13
L_Delay_22us1:
0x000E	0x0BFD      	DECFSZ     R13, 1
0x000F	0x280E      	GOTO       L_Delay_22us1
;__Lib_Delays.c,17 :: 		}
0x0010	0x0008      	RETURN
; end of _Delay_22us
_ADC_Read:
;__Lib_ADC_A_C.c,45 :: 		
;__Lib_ADC_A_C.c,47 :: 		
0x0011	0x1283      	BCF        STATUS, 5
0x0012	0x1303      	BCF        STATUS, 6
0x0013	0x019F      	CLRF       ADCON0
;__Lib_ADC_A_C.c,48 :: 		
0x0014	0x30C0      	MOVLW      192
0x0015	0x049F      	IORWF      ADCON0, 1
;__Lib_ADC_A_C.c,49 :: 		
0x0016	0x1683      	BSF        STATUS, 5
0x0017	0x171F      	BSF        ADCON1, 6
;__Lib_ADC_A_C.c,50 :: 		
0x0018	0x179F      	BSF        ADCON1, 7
;__Lib_ADC_A_C.c,51 :: 		
0x0019	0x1283      	BCF        STATUS, 5
0x001A	0x0824      	MOVF       FARG_ADC_Read_channel, 0
0x001B	0x00F0      	MOVWF      R0
0x001C	0x0DF0      	RLF        R0, 1
0x001D	0x1070      	BCF        R0, 0
0x001E	0x0DF0      	RLF        R0, 1
0x001F	0x1070      	BCF        R0, 0
0x0020	0x0DF0      	RLF        R0, 1
0x0021	0x1070      	BCF        R0, 0
0x0022	0x0870      	MOVF       R0, 0
0x0023	0x049F      	IORWF      ADCON0, 1
;__Lib_ADC_A_C.c,54 :: 		
0x0024	0x141F      	BSF        ADCON0, 0
;__Lib_ADC_A_C.c,57 :: 		
0x0025	0x200A      	CALL       _Delay_22us
;__Lib_ADC_A_C.c,60 :: 		
0x0026	0x151F      	BSF        ADCON0, 2
;__Lib_ADC_A_C.c,63 :: 		
L_ADC_Read2:
0x0027	0x1D1F      	BTFSS      ADCON0, 2
0x0028	0x282B      	GOTO       L_ADC_Read3
;__Lib_ADC_A_C.c,64 :: 		
0x0029	0x0000      	NOP
0x002A	0x2827      	GOTO       L_ADC_Read2
L_ADC_Read3:
;__Lib_ADC_A_C.c,67 :: 		
0x002B	0x101F      	BCF        ADCON0, 0
;__Lib_ADC_A_C.c,70 :: 		
0x002C	0x081E      	MOVF       ADRESH, 0
0x002D	0x00F1      	MOVWF      R0+1
0x002E	0x01F0      	CLRF       R0
0x002F	0x1683      	BSF        STATUS, 5
0x0030	0x081E      	MOVF       ADRESL, 0
0x0031	0x04F0      	IORWF      R0, 1
0x0032	0x3000      	MOVLW      0
0x0033	0x04F1      	IORWF      R0+1, 1
;__Lib_ADC_A_C.c,71 :: 		
0x0034	0x0008      	RETURN
; end of _ADC_Read
___CC2DW:
;__Lib_System.c,24 :: 		
;__Lib_System.c,27 :: 		
_CC2D_Loop1:
;__Lib_System.c,29 :: 		
0x0035	0x2003      	CALL       _____DoICP
0x0036	0x118A      	BCF        PCLATH, 3
0x0037	0x120A      	BCF        PCLATH, 4
;__Lib_System.c,31 :: 		
0x0038	0x0080      	MOVWF      INDF
;__Lib_System.c,32 :: 		
0x0039	0x0A84      	INCF       FSR, 1
;__Lib_System.c,33 :: 		
0x003A	0x0AA0      	INCF       ___DoICPAddr, 1
;__Lib_System.c,35 :: 		
0x003B	0x1903      	BTFSC      STATUS, 2
;__Lib_System.c,36 :: 		
0x003C	0x0AA1      	INCF       ___DoICPAddr+1, 1
;__Lib_System.c,37 :: 		
0x003D	0x03F0      	DECF       R0, 1
;__Lib_System.c,39 :: 		
0x003E	0x1D03      	BTFSS      STATUS, 2
;__Lib_System.c,40 :: 		
0x003F	0x2835      	GOTO       _CC2D_Loop1
;__Lib_System.c,42 :: 		
0x0040	0x0008      	RETURN
; end of ___CC2DW
_main:
;ConversorAD3.c,17 :: 		void main()
;ConversorAD3.c,19 :: 		TRISA  = 0xFF;              // PORTA is input
0x0041	0x30FF      	MOVLW      255
0x0042	0x1683      	BSF        STATUS, 5
0x0043	0x1303      	BCF        STATUS, 6
0x0044	0x0085      	MOVWF      TRISA
;ConversorAD3.c,20 :: 		TRISC  = 0;                 // PORTC is output
0x0045	0x0187      	CLRF       TRISC
;ConversorAD3.c,21 :: 		TRISB  = 0;                 // PORTB is output
0x0046	0x0186      	CLRF       TRISB
;ConversorAD3.c,23 :: 		do
L_main0:
;ConversorAD3.c,26 :: 		temp_res = ADC_Read(0);
0x0047	0x1283      	BCF        STATUS, 5
0x0048	0x01A4      	CLRF       FARG_ADC_Read_channel
0x0049	0x2011      	CALL       _ADC_Read
0x004A	0x0870      	MOVF       R0, 0
0x004B	0x1283      	BCF        STATUS, 5
0x004C	0x00A2      	MOVWF      _temp_res
0x004D	0x0871      	MOVF       R0+1, 0
0x004E	0x00A3      	MOVWF      _temp_res+1
;ConversorAD3.c,28 :: 		PORTB = temp_res;         // Send lower 8 bits to PORTB
0x004F	0x0870      	MOVF       R0, 0
0x0050	0x0086      	MOVWF      PORTB
;ConversorAD3.c,29 :: 		PORTC = temp_res >> 8;    // Send 2 most significant bits to RC1, RC0
0x0051	0x0871      	MOVF       R0+1, 0
0x0052	0x00F2      	MOVWF      R2
0x0053	0x01F3      	CLRF       R2+1
0x0054	0x0872      	MOVF       R2, 0
0x0055	0x0087      	MOVWF      PORTC
;ConversorAD3.c,30 :: 		} while(1);
0x0056	0x2847      	GOTO       L_main0
;ConversorAD3.c,32 :: 		}
0x0057	0x2857      	GOTO       $+0
; end of _main
Symbol List:
//** Routines locations **
//ADDRESS    SIZE    PROCEDURE
//----------------------------------------------
0x0003       [7]    _____DoICP
0x000A       [7]    _Delay_22us
0x0011      [36]    _ADC_Read
0x0035      [12]    ___CC2DW
0x0041      [23]    _main
//** Variables locations ** 
//ADDRESS    SIZE    VARIABLE
//----------------------------------------------
0x0000       [1]    INDF
0x0001       [1]    TMR0
0x0002       [1]    PCL
0x0003       [0]    NOT_PD_bit
0x0003       [0]    Z_bit
0x0003       [0]    NOT_TO_bit
0x0003       [0]    DC_bit
0x0003       [0]    IRP_bit
0x0003       [0]    C_bit
0x0003       [1]    STATUS
0x0003       [0]    RP1_bit
0x0003       [0]    RP0_bit
0x0004       [1]    FSRPTR
0x0004       [1]    FSR
0x0005       [0]    RA4_bit
0x0005       [0]    RA3_bit
0x0005       [1]    PORTA
0x0005       [0]    RA5_bit
0x0005       [0]    RA0_bit
0x0005       [0]    RA2_bit
0x0005       [0]    RA1_bit
0x0006       [0]    RB1_bit
0x0006       [0]    RB2_bit
0x0006       [0]    RB7_bit
0x0006       [0]    RB5_bit
0x0006       [0]    RB6_bit
0x0006       [0]    RB4_bit
0x0006       [0]    RB0_bit
0x0006       [0]    RB3_bit
0x0006       [1]    PORTB
0x0007       [0]    RC2_bit
0x0007       [0]    RC0_bit
0x0007       [0]    RC1_bit
0x0007       [0]    RC6_bit
0x0007       [0]    RC7_bit
0x0007       [1]    PORTC
0x0007       [0]    RC4_bit
0x0007       [0]    RC5_bit
0x0007       [0]    RC3_bit
0x0008       [0]    RD2_bit
0x0008       [0]    RD5_bit
0x0008       [0]    RD6_bit
0x0008       [0]    RD0_bit
0x0008       [0]    RD1_bit
0x0008       [1]    PORTD
0x0008       [0]    RD7_bit
0x0008       [0]    RD3_bit
0x0008       [0]    RD4_bit
0x0009       [0]    RE0_bit
0x0009       [0]    RE1_bit
0x0009       [1]    PORTE
0x0009       [0]    RE2_bit
0x000A       [1]    PCLATH
0x000B       [0]    RBIF_bit
0x000B       [0]    INTF_bit
0x000B       [0]    TMR0IF_bit
0x000B       [0]    TMR0IE_bit
0x000B       [0]    INTE_bit
0x000B       [0]    PEIE_bit
0x000B       [0]    T0IE_bit
0x000B       [1]    INTCON
0x000B       [0]    T0IF_bit
0x000B       [0]    RBIE_bit
0x000B       [0]    GIE_bit
0x000C       [1]    PIR1
0x000C       [0]    TMR2IF_bit
0x000C       [0]    TMR1IF_bit
0x000C       [0]    SSPIF_bit
0x000C       [0]    CCP1IF_bit
0x000C       [0]    PSPIF_bit
0x000C       [0]    ADIF_bit
0x000C       [0]    TXIF_bit
0x000C       [0]    RCIF_bit
0x000D       [0]    EEIF_bit
0x000D       [0]    CMIF_bit
0x000D       [1]    PIR2
0x000D       [0]    CCP2IF_bit
0x000D       [0]    BCLIF_bit
0x000E       [1]    TMR1L
0x000F       [1]    TMR1H
0x0010       [0]    TMR1ON_bit
0x0010       [0]    T1OSCEN_bit
0x0010       [0]    TMR1CS_bit
0x0010       [0]    T1CKPS1_bit
0x0010       [0]    T1INSYNC_bit
0x0010       [0]    T1SYNC_bit
0x0010       [1]    T1CON
0x0010       [0]    T1CKPS0_bit
0x0010       [0]    NOT_T1SYNC_bit
0x0011       [1]    TMR2
0x0012       [0]    T2CKPS1_bit
0x0012       [0]    TOUTPS2_bit
0x0012       [0]    T2CKPS0_bit
0x0012       [0]    TOUTPS1_bit
0x0012       [1]    T2CON
0x0012       [0]    TOUTPS0_bit
0x0012       [0]    TMR2ON_bit
0x0012       [0]    TOUTPS3_bit
0x0013       [1]    SSPBUF
0x0014       [1]    SSPCON
0x0014       [0]    SSPEN_bit
0x0014       [0]    CKP_bit
0x0014       [0]    WCOL_bit
0x0014       [0]    SSPOV_bit
0x0014       [0]    SSPM1_bit
0x0014       [0]    SSPM0_bit
0x0014       [0]    SSPM3_bit
0x0014       [0]    SSPM2_bit
0x0015       [1]    CCPR1L
0x0015       [2]    CCPR1
0x0016       [1]    CCPR1H
0x0017       [0]    CCP1M0_bit
0x0017       [0]    CCP1M2_bit
0x0017       [0]    CCP1M3_bit
0x0017       [1]    CCP1CON
0x0017       [0]    CCP1M1_bit
0x0017       [0]    CCP1X_bit
0x0017       [0]    CCP1Y_bit
0x0018       [0]    RX9_bit
0x0018       [0]    SPEN_bit
0x0018       [1]    RCSTA
0x0018       [0]    CREN_bit
0x0018       [0]    SREN_bit
0x0018       [0]    OERR_bit
0x0018       [0]    FERR_bit
0x0018       [0]    ADDEN_bit
0x0018       [0]    RCD8_bit
0x0018       [0]    RC9_bit
0x0018       [0]    NOT_RC8_bit
0x0018       [0]    RC8_9_bit
0x0018       [0]    RX9D_bit
0x0019       [1]    TXREG
0x001A       [1]    RCREG
0x001B       [2]    CCPR2
0x001B       [1]    CCPR2L
0x001C       [1]    CCPR2H
0x001D       [1]    CCP2CON
0x001D       [0]    CCP2M2_bit
0x001D       [0]    CCP2M0_bit
0x001D       [0]    CCP2M1_bit
0x001D       [0]    CCP2Y_bit
0x001D       [0]    CCP2X_bit
0x001D       [0]    CCP2M3_bit
0x001E       [1]    ADRESH
0x001F       [0]    CHS2_bit
0x001F       [0]    NOT_DONE_bit
0x001F       [0]    GO_bit
0x001F       [0]    CHS0_bit
0x001F       [0]    CHS1_bit
0x001F       [0]    ADCS0_bit
0x001F       [1]    ADCON0
0x001F       [0]    ADON_bit
0x001F       [0]    GO_DONE_bit
0x001F       [0]    ADCS1_bit
0x0020       [2]    ___DoICPAddr
0x0022       [2]    _temp_res
0x0024       [1]    FARG_ADC_Read_channel
0x0070       [1]    R0
0x0071       [1]    R1
0x0072       [1]    R2
0x0073       [1]    R3
0x0074       [1]    R4
0x0075       [1]    R5
0x0076       [1]    R6
0x0077       [1]    R7
0x0078       [1]    R8
0x0079       [1]    R9
0x007A       [1]    R10
0x007B       [1]    R11
0x007C       [1]    R12
0x007D       [1]    R13
0x007E       [1]    R14
0x007F       [1]    R15
0x0081       [0]    PS0_bit
0x0081       [1]    OPTION_REG
0x0081       [0]    PS1_bit
0x0081       [0]    T0CS_bit
0x0081       [0]    INTEDG_bit
0x0081       [0]    NOT_RBPU_bit
0x0081       [0]    PSA_bit
0x0081       [0]    PS2_bit
0x0081       [0]    T0SE_bit
0x0085       [0]    TRISA0_bit
0x0085       [1]    TRISA
0x0085       [0]    TRISA5_bit
0x0085       [0]    TRISA1_bit
0x0085       [0]    TRISA3_bit
0x0085       [0]    TRISA2_bit
0x0085       [0]    TRISA4_bit
0x0086       [0]    TRISB2_bit
0x0086       [0]    TRISB3_bit
0x0086       [0]    TRISB7_bit
0x0086       [0]    TRISB1_bit
0x0086       [1]    TRISB
0x0086       [0]    TRISB6_bit
0x0086       [0]    TRISB4_bit
0x0086       [0]    TRISB0_bit
0x0086       [0]    TRISB5_bit
0x0087       [0]    TRISC3_bit
0x0087       [0]    TRISC4_bit
0x0087       [0]    TRISC2_bit
0x0087       [1]    TRISC
0x0087       [0]    TRISC6_bit
0x0087       [0]    TRISC7_bit
0x0087       [0]    TRISC5_bit
0x0087       [0]    TRISC1_bit
0x0087       [0]    TRISC0_bit
0x0088       [0]    TRISD2_bit
0x0088       [0]    TRISD3_bit
0x0088       [0]    TRISD0_bit
0x0088       [0]    TRISD1_bit
0x0088       [0]    TRISD6_bit
0x0088       [0]    TRISD7_bit
0x0088       [0]    TRISD4_bit
0x0088       [0]    TRISD5_bit
0x0088       [1]    TRISD
0x0089       [0]    OBF_bit
0x0089       [0]    IBOV_bit
0x0089       [0]    IBF_bit
0x0089       [0]    TRISE0_bit
0x0089       [0]    TRISE1_bit
0x0089       [0]    PSPMODE_bit
0x0089       [0]    IBOV_TRISE_bit
0x0089       [0]    OBF_TRISE_bit
0x0089       [0]    IBF_TRISE_bit
0x0089       [0]    TRISE2_bit
0x0089       [0]    PSPMODE_TRISE_bit
0x0089       [1]    TRISE
0x008C       [0]    TMR2IE_bit
0x008C       [0]    CCP1IE_bit
0x008C       [1]    PIE1
0x008C       [0]    TMR1IE_bit
0x008C       [0]    SSPIE_bit
0x008C       [0]    ADIE_bit
0x008C       [0]    PSPIE_bit
0x008C       [0]    TXIE_bit
0x008C       [0]    RCIE_bit
0x008D       [0]    CCP2IE_bit
0x008D       [1]    PIE2
0x008D       [0]    CMIE_bit
0x008D       [0]    EEIE_bit
0x008D       [0]    BCLIE_bit
0x008E       [1]    PCON
0x008E       [0]    NOT_BOR_bit
0x008E       [0]    NOT_BO_bit
0x008E       [0]    NOT_POR_bit
0x0091       [0]    RSEN_bit
0x0091       [0]    SEN_bit
0x0091       [1]    SSPCON2
0x0091       [0]    ACKSTAT_bit
0x0091       [0]    ACKDT_bit
0x0091       [0]    ACKEN_bit
0x0091       [0]    PEN_bit
0x0091       [0]    RCEN_bit
0x0091       [0]    GCEN_bit
0x0092       [1]    PR2
0x0093       [1]    SSPADD
0x0094       [1]    SSPSTAT
0x0094       [0]    S_bit
0x0094       [0]    I2C_START__bit
0x0094       [0]    R_bit
0x0094       [0]    DATA_ADDRESS_bit
0x0094       [0]    P_bit
0x0094       [0]    I2C_STOP__bit
0x0094       [0]    I2C_READ_bit
0x0094       [0]    READ_WRITE_bit
0x0094       [0]    UA_bit
0x0094       [0]    BF_bit
0x0094       [0]    NOT_W_bit
0x0094       [0]    NOT_WRITE_bit
0x0094       [0]    R_W_bit
0x0094       [0]    D_A_bit
0x0094       [0]    D_bit
0x0094       [0]    CKE_bit
0x0094       [0]    SMP_bit
0x0094       [0]    NOT_ADDRESS_bit
0x0094       [0]    NOT_A_bit
0x0094       [0]    I2C_DATA_bit
0x0098       [1]    TXSTA
0x0098       [0]    TXD8_bit
0x0098       [0]    NOT_TX8_bit
0x0098       [0]    TX8_9_bit
0x0098       [0]    TX9D_bit
0x0098       [0]    SYNC_bit
0x0098       [0]    TXEN_bit
0x0098       [0]    TRMT_bit
0x0098       [0]    BRGH_bit
0x0098       [0]    CSRC_bit
0x0098       [0]    TX9_bit
0x0099       [1]    SPBRG
0x009C       [0]    CIS_bit
0x009C       [0]    C1INV_bit
0x009C       [0]    C2INV_bit
0x009C       [0]    CM2_bit
0x009C       [1]    CMCON
0x009C       [0]    CM0_bit
0x009C       [0]    CM1_bit
0x009C       [0]    C2OUT_bit
0x009C       [0]    C1OUT_bit
0x009D       [0]    CVR1_bit
0x009D       [0]    CVR0_bit
0x009D       [1]    CVRCON
0x009D       [0]    CVR2_bit
0x009D       [0]    CVROE_bit
0x009D       [0]    CVRR_bit
0x009D       [0]    CVR3_bit
0x009D       [0]    CVREN_bit
0x009E       [1]    ADRESL
0x009F       [0]    PCFG3_bit
0x009F       [0]    ADCS2_bit
0x009F       [0]    ADFM_bit
0x009F       [0]    PCFG1_bit
0x009F       [0]    PCFG0_bit
0x009F       [0]    PCFG2_bit
0x009F       [1]    ADCON1
0x010C       [1]    EEDATA
0x010D       [1]    EEADR
0x010E       [1]    EEDATH
0x010F       [1]    EEADRH
0x018C       [0]    WRERR_bit
0x018C       [0]    WREN_bit
0x018C       [0]    WR_bit
0x018C       [1]    EECON1
0x018C       [0]    RD_bit
0x018C       [0]    EEPGD_bit
0x018D       [1]    EECON2
//** Label List: ** 
//----------------------------------------------
  L_main0
  L_main1
  L_main2
  _main
  L_ADC_Get_Sample0
  L_ADC_Get_Sample1
  L_ADC_Read2
  L_ADC_Read3
  _ADC_Init
  _ADC_Get_Sample
  _ADC_Read
  L_Delay_10us0
  L_Delay_22us1
  L_Delay_50us2
  L_Delay_80us3
  L_Delay_500us4
  L_Delay_5500us5
  L_Delay_1ms6
  L_Delay_5ms7
  L_Delay_8ms8
  L_Delay_100ms9
  L_Delay_1sec10
  L_boot16_Delay_5ms11
  L_Delay_Cyc12
  L_Delay_Cyc13
  L_VDelay_ms14
  L_VDelay_ms15
  L_VDelay_ms16
  L_VDelay_Advanced_ms17
  L_VDelay_Advanced_ms18
  L_VDelay_Advanced_ms19
  _Get_Fosc_kHz
  _Delay_1us
  _Delay_10us
  _Delay_22us
  _Delay_50us
  _Delay_80us
  _Delay_500us
  _Delay_5500us
  _Delay_1ms
  _Delay_5ms
  _Delay_8ms
  _Delay_100ms
  _Delay_1sec
  _boot16_Delay_5ms
  _Delay_Cyc
  _VDelay_ms
  L__VDelay_ms20
  L__VDelay_ms21
  L__VDelay_ms22
  _VDelay_Advanced_ms
  L__VDelay_Advanced_ms23
  L__VDelay_Advanced_ms24
  L__VDelay_Advanced_ms25
  _CC2D_Loop1
  _____DoICP
  _____DoIFC
  ___CC2DW
  _Swap
