;  LST file generated by mikroListExporter - v.2.0 
; Date/Time: 16/07/2015 19:59:47
;----------------------------------------------

;Address Opcode 	ASM
0x0000	0x2842      	GOTO       66
_____DoICP:
;__Lib_System.c,6 :: 		
;__Lib_System.c,9 :: 		
0x0003	0x1283      	BCF        STATUS, 5
0x0004	0x1303      	BCF        STATUS, 6
0x0005	0x0822      	MOVF       ___DoICPAddr+1, 0
0x0006	0x008A      	MOVWF      PCLATH
;__Lib_System.c,10 :: 		
0x0007	0x0821      	MOVF       ___DoICPAddr, 0
0x0008	0x0082      	MOVWF      PCL
;__Lib_System.c,12 :: 		
L_end_____DoICP:
0x0009	0x0008      	RETURN
; end of _____DoICP
___CC2DW:
;__Lib_System.c,134 :: 		
;__Lib_System.c,137 :: 		
_CC2D_Loop1:
;__Lib_System.c,139 :: 		
0x000A	0x2003      	CALL       _____DoICP
0x000B	0x118A      	BCF        PCLATH, 3
0x000C	0x120A      	BCF        PCLATH, 4
;__Lib_System.c,141 :: 		
0x000D	0x0080      	MOVWF      INDF
;__Lib_System.c,142 :: 		
0x000E	0x0A84      	INCF       FSR, 1
;__Lib_System.c,143 :: 		
0x000F	0x0AA1      	INCF       ___DoICPAddr, 1
;__Lib_System.c,145 :: 		
0x0010	0x1903      	BTFSC      STATUS, 2
;__Lib_System.c,146 :: 		
0x0011	0x0AA2      	INCF       ___DoICPAddr+1, 1
;__Lib_System.c,147 :: 		
0x0012	0x03F0      	DECF       R0, 1
;__Lib_System.c,149 :: 		
0x0013	0x1D03      	BTFSS      STATUS, 2
;__Lib_System.c,150 :: 		
0x0014	0x280A      	GOTO       _CC2D_Loop1
;__Lib_System.c,152 :: 		
L_end___CC2DW:
0x0015	0x0008      	RETURN
; end of ___CC2DW
_UART1_Init:
;__Lib_UART_c67.c,2 :: 		
;__Lib_UART_c67.c,5 :: 		
0x0016	0x1683      	BSF        STATUS, 5
0x0017	0x1303      	BCF        STATUS, 6
0x0018	0x1698      	BSF        TXSTA, 5
;__Lib_UART_c67.c,6 :: 		
0x0019	0x3090      	MOVLW      144
0x001A	0x1283      	BCF        STATUS, 5
0x001B	0x0098      	MOVWF      RCSTA
;__Lib_UART_c67.c,7 :: 		
0x001C	0x1683      	BSF        STATUS, 5
0x001D	0x1787      	BSF        TRISC7_bit, BitPos(TRISC7_bit+0)
;__Lib_UART_c67.c,8 :: 		
0x001E	0x1307      	BCF        TRISC6_bit, BitPos(TRISC6_bit+0)
;__Lib_UART_c67.c,10 :: 		
L_UART1_Init0:
0x001F	0x1283      	BCF        STATUS, 5
0x0020	0x1E8C      	BTFSS      PIR1, 5
0x0021	0x2825      	GOTO       L_UART1_Init1
;__Lib_UART_c67.c,11 :: 		
0x0022	0x081A      	MOVF       RCREG, 0
0x0023	0x00F0      	MOVWF      R0
0x0024	0x281F      	GOTO       L_UART1_Init0
L_UART1_Init1:
;__Lib_UART_c67.c,12 :: 		
L_end_UART1_Init:
0x0025	0x0008      	RETURN
; end of _UART1_Init
_UART1_Write:
;__Lib_UART_c67.c,39 :: 		
;__Lib_UART_c67.c,40 :: 		
L_UART1_Write3:
0x0026	0x1683      	BSF        STATUS, 5
0x0027	0x1303      	BCF        STATUS, 6
0x0028	0x1898      	BTFSC      TXSTA, 1
0x0029	0x282C      	GOTO       L_UART1_Write4
;__Lib_UART_c67.c,41 :: 		
0x002A	0x0000      	NOP
0x002B	0x2826      	GOTO       L_UART1_Write3
L_UART1_Write4:
;__Lib_UART_c67.c,42 :: 		
0x002C	0x1283      	BCF        STATUS, 5
0x002D	0x0823      	MOVF       FARG_UART1_Write_data_, 0
0x002E	0x0099      	MOVWF      TXREG
;__Lib_UART_c67.c,43 :: 		
L_end_UART1_Write:
0x002F	0x0008      	RETURN
; end of _UART1_Write
_UART1_Data_Ready:
;__Lib_UART_c67.c,16 :: 		
;__Lib_UART_c67.c,17 :: 		
0x0030	0x3000      	MOVLW      0
0x0031	0x1283      	BCF        STATUS, 5
0x0032	0x1303      	BCF        STATUS, 6
0x0033	0x1A8C      	BTFSC      PIR1, 5
0x0034	0x3001      	MOVLW      1
0x0035	0x00F0      	MOVWF      R0
;__Lib_UART_c67.c,18 :: 		
L_end_UART1_Data_Ready:
0x0036	0x0008      	RETURN
; end of _UART1_Data_Ready
_UART1_Read:
;__Lib_UART_c67.c,21 :: 		
;__Lib_UART_c67.c,24 :: 		
0x0037	0x1283      	BCF        STATUS, 5
0x0038	0x1303      	BCF        STATUS, 6
0x0039	0x081A      	MOVF       RCREG, 0
0x003A	0x00F1      	MOVWF      R1
;__Lib_UART_c67.c,25 :: 		
0x003B	0x1C98      	BTFSS      RCSTA, 1
0x003C	0x283F      	GOTO       L_UART1_Read2
;__Lib_UART_c67.c,26 :: 		
0x003D	0x1218      	BCF        RCSTA, 4
;__Lib_UART_c67.c,27 :: 		
0x003E	0x1618      	BSF        RCSTA, 4
;__Lib_UART_c67.c,28 :: 		
L_UART1_Read2:
;__Lib_UART_c67.c,29 :: 		
0x003F	0x0871      	MOVF       R1, 0
0x0040	0x00F0      	MOVWF      R0
;__Lib_UART_c67.c,30 :: 		
L_end_UART1_Read:
0x0041	0x0008      	RETURN
; end of _UART1_Read
_main:
;MyProject.c,5 :: 		void main()
;MyProject.c,7 :: 		ADCON1=0x0E; //AN0 habilitado
0x0042	0x300E      	MOVLW      14
0x0043	0x1683      	BSF        STATUS, 5
0x0044	0x1303      	BCF        STATUS, 6
0x0045	0x009F      	MOVWF      ADCON1
;MyProject.c,8 :: 		TRISA=0x01; //RA0: entrada (AN0)
0x0046	0x3001      	MOVLW      1
0x0047	0x0085      	MOVWF      TRISA
;MyProject.c,9 :: 		TRISA=1;
0x0048	0x3001      	MOVLW      1
0x0049	0x0085      	MOVWF      TRISA
;MyProject.c,10 :: 		TRISB=0xFF;
0x004A	0x30FF      	MOVLW      255
0x004B	0x0086      	MOVWF      TRISB
;MyProject.c,11 :: 		TRISE=0;
0x004C	0x0189      	CLRF       TRISE
;MyProject.c,12 :: 		TRISD=0;
0x004D	0x0188      	CLRF       TRISD
;MyProject.c,13 :: 		PORTD=0;
0x004E	0x1283      	BCF        STATUS, 5
0x004F	0x0188      	CLRF       PORTD
;MyProject.c,14 :: 		NOT_RBPU_bit=0;
0x0050	0x1683      	BSF        STATUS, 5
0x0051	0x1381      	BCF        NOT_RBPU_bit, BitPos(NOT_RBPU_bit+0)
;MyProject.c,16 :: 		UART1_Init(9600);               // Initialize UART module at 9600 bps
0x0052	0x3081      	MOVLW      129
0x0053	0x0099      	MOVWF      SPBRG
0x0054	0x1518      	BSF        TXSTA, 2
0x0055	0x2016      	CALL       _UART1_Init
;MyProject.c,17 :: 		Delay_ms(100);                  // Wait for UART module to stabilize
0x0056	0x3003      	MOVLW      3
0x0057	0x00FB      	MOVWF      R11
0x0058	0x308A      	MOVLW      138
0x0059	0x00FC      	MOVWF      R12
0x005A	0x3055      	MOVLW      85
0x005B	0x00FD      	MOVWF      R13
L_main0:
0x005C	0x0BFD      	DECFSZ     R13, 1
0x005D	0x285C      	GOTO       L_main0
0x005E	0x0BFC      	DECFSZ     R12, 1
0x005F	0x285C      	GOTO       L_main0
0x0060	0x0BFB      	DECFSZ     R11, 1
0x0061	0x285C      	GOTO       L_main0
0x0062	0x0000      	NOP
0x0063	0x0000      	NOP
;MyProject.c,19 :: 		while(1)                      // Endless loop
L_main1:
;MyProject.c,21 :: 		if (UART1_Data_Ready())      // If data is received,
0x0064	0x2030      	CALL       _UART1_Data_Ready
0x0065	0x0870      	MOVF       R0, 0
0x0066	0x1903      	BTFSC      STATUS, 2
0x0067	0x28BF      	GOTO       L_main3
;MyProject.c,23 :: 		uart_rd = UART1_Read();     // read the received data,
0x0068	0x2037      	CALL       _UART1_Read
0x0069	0x0870      	MOVF       R0, 0
0x006A	0x00A0      	MOVWF      _uart_rd
;MyProject.c,24 :: 		switch(uart_rd)
0x006B	0x289E      	GOTO       L_main4
;MyProject.c,26 :: 		case '1': if(!RD0_bit)
L_main6:
0x006C	0x1808      	BTFSC      RD0_bit, BitPos(RD0_bit+0)
0x006D	0x2870      	GOTO       L_main7
;MyProject.c,27 :: 		RD0_bit=1;
0x006E	0x1408      	BSF        RD0_bit, BitPos(RD0_bit+0)
0x006F	0x2871      	GOTO       L_main8
L_main7:
;MyProject.c,29 :: 		RD0_bit=0;
0x0070	0x1008      	BCF        RD0_bit, BitPos(RD0_bit+0)
L_main8:
;MyProject.c,30 :: 		break;
0x0071	0x28BF      	GOTO       L_main5
;MyProject.c,31 :: 		case '2': if(!RD1_bit)
L_main9:
0x0072	0x1888      	BTFSC      RD1_bit, BitPos(RD1_bit+0)
0x0073	0x2876      	GOTO       L_main10
;MyProject.c,32 :: 		RD1_bit=1;
0x0074	0x1488      	BSF        RD1_bit, BitPos(RD1_bit+0)
0x0075	0x2877      	GOTO       L_main11
L_main10:
;MyProject.c,34 :: 		RD1_bit=0;
0x0076	0x1088      	BCF        RD1_bit, BitPos(RD1_bit+0)
L_main11:
;MyProject.c,35 :: 		break;
0x0077	0x28BF      	GOTO       L_main5
;MyProject.c,36 :: 		case '3': if(!RD2_bit)
L_main12:
0x0078	0x1908      	BTFSC      RD2_bit, BitPos(RD2_bit+0)
0x0079	0x287C      	GOTO       L_main13
;MyProject.c,37 :: 		RD2_bit=1;
0x007A	0x1508      	BSF        RD2_bit, BitPos(RD2_bit+0)
0x007B	0x287D      	GOTO       L_main14
L_main13:
;MyProject.c,39 :: 		RD2_bit=0;
0x007C	0x1108      	BCF        RD2_bit, BitPos(RD2_bit+0)
L_main14:
;MyProject.c,40 :: 		break;
0x007D	0x28BF      	GOTO       L_main5
;MyProject.c,41 :: 		case '4': if(!RD3_bit)
L_main15:
0x007E	0x1988      	BTFSC      RD3_bit, BitPos(RD3_bit+0)
0x007F	0x2882      	GOTO       L_main16
;MyProject.c,42 :: 		RD3_bit=1;
0x0080	0x1588      	BSF        RD3_bit, BitPos(RD3_bit+0)
0x0081	0x2883      	GOTO       L_main17
L_main16:
;MyProject.c,44 :: 		RD3_bit=0;
0x0082	0x1188      	BCF        RD3_bit, BitPos(RD3_bit+0)
L_main17:
;MyProject.c,45 :: 		break;
0x0083	0x28BF      	GOTO       L_main5
;MyProject.c,46 :: 		case '5': if(!RD4_bit)
L_main18:
0x0084	0x1A08      	BTFSC      RD4_bit, BitPos(RD4_bit+0)
0x0085	0x2888      	GOTO       L_main19
;MyProject.c,47 :: 		RD4_bit=1;
0x0086	0x1608      	BSF        RD4_bit, BitPos(RD4_bit+0)
0x0087	0x2889      	GOTO       L_main20
L_main19:
;MyProject.c,49 :: 		RD4_bit=0;
0x0088	0x1208      	BCF        RD4_bit, BitPos(RD4_bit+0)
L_main20:
;MyProject.c,50 :: 		break;
0x0089	0x28BF      	GOTO       L_main5
;MyProject.c,51 :: 		case '6': if(!RD5_bit)
L_main21:
0x008A	0x1A88      	BTFSC      RD5_bit, BitPos(RD5_bit+0)
0x008B	0x288E      	GOTO       L_main22
;MyProject.c,52 :: 		RD5_bit=1;
0x008C	0x1688      	BSF        RD5_bit, BitPos(RD5_bit+0)
0x008D	0x288F      	GOTO       L_main23
L_main22:
;MyProject.c,54 :: 		RD5_bit=0;
0x008E	0x1288      	BCF        RD5_bit, BitPos(RD5_bit+0)
L_main23:
;MyProject.c,55 :: 		break;
0x008F	0x28BF      	GOTO       L_main5
;MyProject.c,56 :: 		case '7': if(!RD6_bit)
L_main24:
0x0090	0x1B08      	BTFSC      RD6_bit, BitPos(RD6_bit+0)
0x0091	0x2894      	GOTO       L_main25
;MyProject.c,57 :: 		RD6_bit=1;
0x0092	0x1708      	BSF        RD6_bit, BitPos(RD6_bit+0)
0x0093	0x2895      	GOTO       L_main26
L_main25:
;MyProject.c,59 :: 		RD6_bit=0;
0x0094	0x1308      	BCF        RD6_bit, BitPos(RD6_bit+0)
L_main26:
;MyProject.c,60 :: 		break;
0x0095	0x28BF      	GOTO       L_main5
;MyProject.c,61 :: 		case '8': if(!RD7_bit)
L_main27:
0x0096	0x1B88      	BTFSC      RD7_bit, BitPos(RD7_bit+0)
0x0097	0x289A      	GOTO       L_main28
;MyProject.c,62 :: 		RD7_bit=1;
0x0098	0x1788      	BSF        RD7_bit, BitPos(RD7_bit+0)
0x0099	0x289B      	GOTO       L_main29
L_main28:
;MyProject.c,64 :: 		RD7_bit=0;
0x009A	0x1388      	BCF        RD7_bit, BitPos(RD7_bit+0)
L_main29:
;MyProject.c,65 :: 		break;
0x009B	0x28BF      	GOTO       L_main5
;MyProject.c,66 :: 		default: PORTD=0;
L_main30:
0x009C	0x0188      	CLRF       PORTD
;MyProject.c,67 :: 		}
0x009D	0x28BF      	GOTO       L_main5
L_main4:
0x009E	0x0820      	MOVF       _uart_rd, 0
0x009F	0x3A31      	XORLW      49
0x00A0	0x1903      	BTFSC      STATUS, 2
0x00A1	0x286C      	GOTO       L_main6
0x00A2	0x0820      	MOVF       _uart_rd, 0
0x00A3	0x3A32      	XORLW      50
0x00A4	0x1903      	BTFSC      STATUS, 2
0x00A5	0x2872      	GOTO       L_main9
0x00A6	0x0820      	MOVF       _uart_rd, 0
0x00A7	0x3A33      	XORLW      51
0x00A8	0x1903      	BTFSC      STATUS, 2
0x00A9	0x2878      	GOTO       L_main12
0x00AA	0x0820      	MOVF       _uart_rd, 0
0x00AB	0x3A34      	XORLW      52
0x00AC	0x1903      	BTFSC      STATUS, 2
0x00AD	0x287E      	GOTO       L_main15
0x00AE	0x0820      	MOVF       _uart_rd, 0
0x00AF	0x3A35      	XORLW      53
0x00B0	0x1903      	BTFSC      STATUS, 2
0x00B1	0x2884      	GOTO       L_main18
0x00B2	0x0820      	MOVF       _uart_rd, 0
0x00B3	0x3A36      	XORLW      54
0x00B4	0x1903      	BTFSC      STATUS, 2
0x00B5	0x288A      	GOTO       L_main21
0x00B6	0x0820      	MOVF       _uart_rd, 0
0x00B7	0x3A37      	XORLW      55
0x00B8	0x1903      	BTFSC      STATUS, 2
0x00B9	0x2890      	GOTO       L_main24
0x00BA	0x0820      	MOVF       _uart_rd, 0
0x00BB	0x3A38      	XORLW      56
0x00BC	0x1903      	BTFSC      STATUS, 2
0x00BD	0x2896      	GOTO       L_main27
0x00BE	0x289C      	GOTO       L_main30
L_main5:
;MyProject.c,69 :: 		}
L_main3:
;MyProject.c,70 :: 		if(!RB0_bit)
0x00BF	0x1806      	BTFSC      RB0_bit, BitPos(RB0_bit+0)
0x00C0	0x28CA      	GOTO       L_main31
;MyProject.c,72 :: 		UART1_Write('1');
0x00C1	0x3031      	MOVLW      49
0x00C2	0x00A3      	MOVWF      FARG_UART1_Write_data_
0x00C3	0x2026      	CALL       _UART1_Write
;MyProject.c,73 :: 		while(!RB0_bit);
L_main32:
0x00C4	0x1806      	BTFSC      RB0_bit, BitPos(RB0_bit+0)
0x00C5	0x28C7      	GOTO       L_main33
0x00C6	0x28C4      	GOTO       L_main32
L_main33:
;MyProject.c,74 :: 		UART1_Write('1');
0x00C7	0x3031      	MOVLW      49
0x00C8	0x00A3      	MOVWF      FARG_UART1_Write_data_
0x00C9	0x2026      	CALL       _UART1_Write
;MyProject.c,75 :: 		}
L_main31:
;MyProject.c,76 :: 		if(!RB1_bit)
0x00CA	0x1886      	BTFSC      RB1_bit, BitPos(RB1_bit+0)
0x00CB	0x28D5      	GOTO       L_main34
;MyProject.c,78 :: 		UART1_Write('2');
0x00CC	0x3032      	MOVLW      50
0x00CD	0x00A3      	MOVWF      FARG_UART1_Write_data_
0x00CE	0x2026      	CALL       _UART1_Write
;MyProject.c,79 :: 		while(!RB1_bit);
L_main35:
0x00CF	0x1886      	BTFSC      RB1_bit, BitPos(RB1_bit+0)
0x00D0	0x28D2      	GOTO       L_main36
0x00D1	0x28CF      	GOTO       L_main35
L_main36:
;MyProject.c,80 :: 		UART1_Write('2');
0x00D2	0x3032      	MOVLW      50
0x00D3	0x00A3      	MOVWF      FARG_UART1_Write_data_
0x00D4	0x2026      	CALL       _UART1_Write
;MyProject.c,81 :: 		}
L_main34:
;MyProject.c,82 :: 		if(!RB2_bit)
0x00D5	0x1906      	BTFSC      RB2_bit, BitPos(RB2_bit+0)
0x00D6	0x28E0      	GOTO       L_main37
;MyProject.c,84 :: 		UART1_Write('3');
0x00D7	0x3033      	MOVLW      51
0x00D8	0x00A3      	MOVWF      FARG_UART1_Write_data_
0x00D9	0x2026      	CALL       _UART1_Write
;MyProject.c,85 :: 		while(!RB2_bit);
L_main38:
0x00DA	0x1906      	BTFSC      RB2_bit, BitPos(RB2_bit+0)
0x00DB	0x28DD      	GOTO       L_main39
0x00DC	0x28DA      	GOTO       L_main38
L_main39:
;MyProject.c,86 :: 		UART1_Write('3');
0x00DD	0x3033      	MOVLW      51
0x00DE	0x00A3      	MOVWF      FARG_UART1_Write_data_
0x00DF	0x2026      	CALL       _UART1_Write
;MyProject.c,87 :: 		}
L_main37:
;MyProject.c,88 :: 		if(!RB3_bit)
0x00E0	0x1986      	BTFSC      RB3_bit, BitPos(RB3_bit+0)
0x00E1	0x28EB      	GOTO       L_main40
;MyProject.c,90 :: 		UART1_Write('4');
0x00E2	0x3034      	MOVLW      52
0x00E3	0x00A3      	MOVWF      FARG_UART1_Write_data_
0x00E4	0x2026      	CALL       _UART1_Write
;MyProject.c,91 :: 		while(!RB3_bit);
L_main41:
0x00E5	0x1986      	BTFSC      RB3_bit, BitPos(RB3_bit+0)
0x00E6	0x28E8      	GOTO       L_main42
0x00E7	0x28E5      	GOTO       L_main41
L_main42:
;MyProject.c,92 :: 		UART1_Write('4');
0x00E8	0x3034      	MOVLW      52
0x00E9	0x00A3      	MOVWF      FARG_UART1_Write_data_
0x00EA	0x2026      	CALL       _UART1_Write
;MyProject.c,93 :: 		}
L_main40:
;MyProject.c,94 :: 		if(!RB4_bit)
0x00EB	0x1A06      	BTFSC      RB4_bit, BitPos(RB4_bit+0)
0x00EC	0x28F6      	GOTO       L_main43
;MyProject.c,96 :: 		UART1_Write('5');
0x00ED	0x3035      	MOVLW      53
0x00EE	0x00A3      	MOVWF      FARG_UART1_Write_data_
0x00EF	0x2026      	CALL       _UART1_Write
;MyProject.c,97 :: 		while(!RB4_bit);
L_main44:
0x00F0	0x1A06      	BTFSC      RB4_bit, BitPos(RB4_bit+0)
0x00F1	0x28F3      	GOTO       L_main45
0x00F2	0x28F0      	GOTO       L_main44
L_main45:
;MyProject.c,98 :: 		UART1_Write('5');
0x00F3	0x3035      	MOVLW      53
0x00F4	0x00A3      	MOVWF      FARG_UART1_Write_data_
0x00F5	0x2026      	CALL       _UART1_Write
;MyProject.c,99 :: 		}
L_main43:
;MyProject.c,100 :: 		if(!RB5_bit)
0x00F6	0x1A86      	BTFSC      RB5_bit, BitPos(RB5_bit+0)
0x00F7	0x2901      	GOTO       L_main46
;MyProject.c,102 :: 		UART1_Write('6');
0x00F8	0x3036      	MOVLW      54
0x00F9	0x00A3      	MOVWF      FARG_UART1_Write_data_
0x00FA	0x2026      	CALL       _UART1_Write
;MyProject.c,103 :: 		while(!RB5_bit);
L_main47:
0x00FB	0x1A86      	BTFSC      RB5_bit, BitPos(RB5_bit+0)
0x00FC	0x28FE      	GOTO       L_main48
0x00FD	0x28FB      	GOTO       L_main47
L_main48:
;MyProject.c,104 :: 		UART1_Write('6');
0x00FE	0x3036      	MOVLW      54
0x00FF	0x00A3      	MOVWF      FARG_UART1_Write_data_
0x0100	0x2026      	CALL       _UART1_Write
;MyProject.c,105 :: 		}
L_main46:
;MyProject.c,107 :: 		}
0x0101	0x2864      	GOTO       L_main1
;MyProject.c,108 :: 		}
L_end_main:
0x0102	0x2902      	GOTO       $+0
; end of _main
Symbol List:
//** Routines locations **
//ADDRESS    SIZE    PROCEDURE
//----------------------------------------------
0x0003       [7]    _____DoICP
0x000A      [12]    ___CC2DW
0x0016      [16]    _UART1_Init
0x0026      [10]    _UART1_Write
0x0030       [7]    _UART1_Data_Ready
0x0037      [11]    _UART1_Read
0x0042     [193]    _main
//** Variables locations ** 
//ADDRESS    SIZE    VARIABLE
//----------------------------------------------
0x0000       [1]    INDF
0x0002       [1]    PCL
0x0003       [1]    STATUS
0x0004       [1]    FSR
0x0006       [0]    RB4_bit
0x0006       [0]    RB1_bit
0x0006       [0]    RB2_bit
0x0006       [0]    RB3_bit
0x0006       [0]    RB5_bit
0x0006       [0]    RB0_bit
0x0008       [0]    RD6_bit
0x0008       [0]    RD7_bit
0x0008       [0]    RD5_bit
0x0008       [0]    RD4_bit
0x0008       [0]    RD2_bit
0x0008       [0]    RD3_bit
0x0008       [0]    RD0_bit
0x0008       [1]    PORTD
0x0008       [0]    RD1_bit
0x000A       [1]    PCLATH
0x000C       [1]    PIR1
0x0018       [1]    RCSTA
0x0019       [1]    TXREG
0x001A       [1]    RCREG
0x0020       [1]    _uart_rd
0x0021       [2]    ___DoICPAddr
0x0023       [1]    FARG_UART1_Write_data_
0x0070       [1]    R0
0x0071       [1]    R1
0x0072       [1]    R2
0x0073       [1]    R3
0x0074       [1]    R4
0x0075       [1]    R5
0x0076       [1]    R6
0x0077       [1]    R7
0x0078       [1]    R8
0x0079       [1]    R9
0x007A       [1]    R10
0x007B       [1]    R11
0x007C       [1]    R12
0x007D       [1]    R13
0x007E       [1]    R14
0x007F       [1]    R15
0x0081       [0]    NOT_RBPU_bit
0x0085       [1]    TRISA
0x0086       [1]    TRISB
0x0087       [0]    TRISC6_bit
0x0087       [0]    TRISC7_bit
0x0088       [1]    TRISD
0x0089       [1]    TRISE
0x0098       [1]    TXSTA
0x0099       [1]    SPBRG
0x009F       [1]    ADCON1
//** Label List: ** 
//----------------------------------------------
  L_main0
  L_main1
  L_main2
  L_main3
  L_main4
  L_main5
  L_main6
  L_main7
  L_main8
  L_main9
  L_main10
  L_main11
  L_main12
  L_main13
  L_main14
  L_main15
  L_main16
  L_main17
  L_main18
  L_main19
  L_main20
  L_main21
  L_main22
  L_main23
  L_main24
  L_main25
  L_main26
  L_main27
  L_main28
  L_main29
  L_main30
  L_main31
  L_main32
  L_main33
  L_main34
  L_main35
  L_main36
  L_main37
  L_main38
  L_main39
  L_main40
  L_main41
  L_main42
  L_main43
  L_main44
  L_main45
  L_main46
  L_main47
  L_main48
  L_end_main
  _main
  L_loopCA2AWs
  L_CA2AWend
  _CCA2AW_Loop1
  L_loopCS2Ss
  L_CS2Send
  _CCS2S_Loop1
  L_CCS2Send
  L_loopFZinSWs
  L_FZinSend
  _CC2D_Loop1
  L_end_____DoICP
  _____DoICP
  L_end_____DoIFC
  _____DoIFC
  L_end___CA2AW
  ___CA2AW
  L_end___CCA2AW
  ___CCA2AW
  L_end___CS2S
  ___CS2S
  L_end___CCS2S
  ___CCS2S
  L_end___FZinS
  ___FZinS
  L_end___CC2DW
  ___CC2DW
  L_end_Swap
  _Swap
  L_UART1_Init0
  L_UART1_Init1
  L_UART1_Read2
  L_UART1_Write3
  L_UART1_Write4
  L_UART1_Write_Text5
  L_UART1_Write_Text6
  L_UART1_Read_Text7
  L_UART1_Read_Text8
  L_UART1_Read_Text9
  L_UART1_Read_Text10
  L_UART1_Read_Text11
  L_UART1_Read_Text12
  L_UART1_Read_Text13
  L_UART1_Read_Text14
  L_UART1_Read_Text15
  L_end_UART1_Init
  _UART1_Init
  L_end_UART1_Data_Ready
  _UART1_Data_Ready
  L_end_UART1_Read
  _UART1_Read
  L_end_UART1_Tx_Idle
  _UART1_Tx_Idle
  L_end_UART1_Write
  _UART1_Write
  L_end_UART1_Write_Text
  _UART1_Write_Text
  L_end_UART1_Read_Text
  _UART1_Read_Text
