Warning[207] C:\USERS\JOSé ROBERTO\DOCUMENTS\MIKRO C PROJECTS\LCD\PROG1.ASM 6 : Found label after column 1. (CLRF)
Error[122]   C:\USERS\JOSé ROBERTO\DOCUMENTS\MIKRO C PROJECTS\LCD\PROG1.ASM 6 : Illegal opcode (TRISA)
Warning[207] C:\USERS\JOSé ROBERTO\DOCUMENTS\MIKRO C PROJECTS\LCD\PROG1.ASM 8 : Found label after column 1. (CLRF)
Error[122]   C:\USERS\JOSé ROBERTO\DOCUMENTS\MIKRO C PROJECTS\LCD\PROG1.ASM 8 : Illegal opcode (TRISB)
Warning[207] C:\USERS\JOSé ROBERTO\DOCUMENTS\MIKRO C PROJECTS\LCD\PROG1.ASM 10 : Found label after column 1. (CLRF)
Error[122]   C:\USERS\JOSé ROBERTO\DOCUMENTS\MIKRO C PROJECTS\LCD\PROG1.ASM 10 : Illegal opcode (TRISC)
Warning[207] C:\USERS\JOSé ROBERTO\DOCUMENTS\MIKRO C PROJECTS\LCD\PROG1.ASM 12 : Found label after column 1. (CLRF)
Error[122]   C:\USERS\JOSé ROBERTO\DOCUMENTS\MIKRO C PROJECTS\LCD\PROG1.ASM 12 : Illegal opcode (TRISD)
Warning[207] C:\USERS\JOSé ROBERTO\DOCUMENTS\MIKRO C PROJECTS\LCD\PROG1.ASM 14 : Found label after column 1. (CALL)
Error[122]   C:\USERS\JOSé ROBERTO\DOCUMENTS\MIKRO C PROJECTS\LCD\PROG1.ASM 14 : Illegal opcode (_Lcd_Init)
Warning[207] C:\USERS\JOSé ROBERTO\DOCUMENTS\MIKRO C PROJECTS\LCD\PROG1.ASM 16 : Found label after column 1. (MOVLW)
Error[108]   C:\USERS\JOSé ROBERTO\DOCUMENTS\MIKRO C PROJECTS\LCD\PROG1.ASM 16 : Illegal character (1)
Warning[207] C:\USERS\JOSé ROBERTO\DOCUMENTS\MIKRO C PROJECTS\LCD\PROG1.ASM 17 : Found label after column 1. (MOVWF)
Error[122]   C:\USERS\JOSé ROBERTO\DOCUMENTS\MIKRO C PROJECTS\LCD\PROG1.ASM 17 : Illegal opcode (FARG_Lcd_Cmd_out_char)
Warning[207] C:\USERS\JOSé ROBERTO\DOCUMENTS\MIKRO C PROJECTS\LCD\PROG1.ASM 18 : Found label after column 1. (CALL)
Error[122]   C:\USERS\JOSé ROBERTO\DOCUMENTS\MIKRO C PROJECTS\LCD\PROG1.ASM 18 : Illegal opcode (_Lcd_Cmd)
Warning[207] C:\USERS\JOSé ROBERTO\DOCUMENTS\MIKRO C PROJECTS\LCD\PROG1.ASM 20 : Found label after column 1. (MOVLW)
Error[108]   C:\USERS\JOSé ROBERTO\DOCUMENTS\MIKRO C PROJECTS\LCD\PROG1.ASM 20 : Illegal character (1)
Warning[207] C:\USERS\JOSé ROBERTO\DOCUMENTS\MIKRO C PROJECTS\LCD\PROG1.ASM 21 : Found label after column 1. (MOVWF)
Error[122]   C:\USERS\JOSé ROBERTO\DOCUMENTS\MIKRO C PROJECTS\LCD\PROG1.ASM 21 : Illegal opcode (FARG_Lcd_Cmd_out_char)
Warning[207] C:\USERS\JOSé ROBERTO\DOCUMENTS\MIKRO C PROJECTS\LCD\PROG1.ASM 22 : Found label after column 1. (CALL)
Error[122]   C:\USERS\JOSé ROBERTO\DOCUMENTS\MIKRO C PROJECTS\LCD\PROG1.ASM 22 : Illegal opcode (_Lcd_Cmd)
Warning[207] C:\USERS\JOSé ROBERTO\DOCUMENTS\MIKRO C PROJECTS\LCD\PROG1.ASM 24 : Found label after column 1. (CLRF)
Error[122]   C:\USERS\JOSé ROBERTO\DOCUMENTS\MIKRO C PROJECTS\LCD\PROG1.ASM 24 : Illegal opcode (PORTC)
Warning[207] C:\USERS\JOSé ROBERTO\DOCUMENTS\MIKRO C PROJECTS\LCD\PROG1.ASM 28 : Found label after column 1. (MOVF)
Error[122]   C:\USERS\JOSé ROBERTO\DOCUMENTS\MIKRO C PROJECTS\LCD\PROG1.ASM 28 : Illegal opcode (PORTC)
Warning[207] C:\USERS\JOSé ROBERTO\DOCUMENTS\MIKRO C PROJECTS\LCD\PROG1.ASM 29 : Found label after column 1. (MOVWF)
Error[122]   C:\USERS\JOSé ROBERTO\DOCUMENTS\MIKRO C PROJECTS\LCD\PROG1.ASM 29 : Illegal opcode (FARG_ByteToStr_input)
Warning[207] C:\USERS\JOSé ROBERTO\DOCUMENTS\MIKRO C PROJECTS\LCD\PROG1.ASM 30 : Found label after column 1. (MOVLW)
Error[122]   C:\USERS\JOSé ROBERTO\DOCUMENTS\MIKRO C PROJECTS\LCD\PROG1.ASM 30 : Illegal opcode (_contador)
Warning[207] C:\USERS\JOSé ROBERTO\DOCUMENTS\MIKRO C PROJECTS\LCD\PROG1.ASM 31 : Found label after column 1. (MOVWF)
Error[122]   C:\USERS\JOSé ROBERTO\DOCUMENTS\MIKRO C PROJECTS\LCD\PROG1.ASM 31 : Illegal opcode (FARG_ByteToStr_output)
Warning[207] C:\USERS\JOSé ROBERTO\DOCUMENTS\MIKRO C PROJECTS\LCD\PROG1.ASM 32 : Found label after column 1. (CALL)
Error[122]   C:\USERS\JOSé ROBERTO\DOCUMENTS\MIKRO C PROJECTS\LCD\PROG1.ASM 32 : Illegal opcode (_ByteToStr)
Warning[207] C:\USERS\JOSé ROBERTO\DOCUMENTS\MIKRO C PROJECTS\LCD\PROG1.ASM 34 : Found label after column 1. (MOVLW)
Error[108]   C:\USERS\JOSé ROBERTO\DOCUMENTS\MIKRO C PROJECTS\LCD\PROG1.ASM 34 : Illegal character (1)
Warning[207] C:\USERS\JOSé ROBERTO\DOCUMENTS\MIKRO C PROJECTS\LCD\PROG1.ASM 35 : Found label after column 1. (MOVWF)
Error[122]   C:\USERS\JOSé ROBERTO\DOCUMENTS\MIKRO C PROJECTS\LCD\PROG1.ASM 35 : Illegal opcode (FARG_Lcd_Out_row)
Warning[207] C:\USERS\JOSé ROBERTO\DOCUMENTS\MIKRO C PROJECTS\LCD\PROG1.ASM 36 : Found label after column 1. (MOVLW)
Error[108]   C:\USERS\JOSé ROBERTO\DOCUMENTS\MIKRO C PROJECTS\LCD\PROG1.ASM 36 : Illegal character (1)
Warning[207] C:\USERS\JOSé ROBERTO\DOCUMENTS\MIKRO C PROJECTS\LCD\PROG1.ASM 37 : Found label after column 1. (MOVWF)
Error[122]   C:\USERS\JOSé ROBERTO\DOCUMENTS\MIKRO C PROJECTS\LCD\PROG1.ASM 37 : Illegal opcode (FARG_Lcd_Out_column)
Warning[207] C:\USERS\JOSé ROBERTO\DOCUMENTS\MIKRO C PROJECTS\LCD\PROG1.ASM 38 : Found label after column 1. (MOVLW)
Error[122]   C:\USERS\JOSé ROBERTO\DOCUMENTS\MIKRO C PROJECTS\LCD\PROG1.ASM 38 : Illegal opcode (_contador)
Warning[207] C:\USERS\JOSé ROBERTO\DOCUMENTS\MIKRO C PROJECTS\LCD\PROG1.ASM 39 : Found label after column 1. (MOVWF)
Error[122]   C:\USERS\JOSé ROBERTO\DOCUMENTS\MIKRO C PROJECTS\LCD\PROG1.ASM 39 : Illegal opcode (FARG_Lcd_Out_text)
Warning[207] C:\USERS\JOSé ROBERTO\DOCUMENTS\MIKRO C PROJECTS\LCD\PROG1.ASM 40 : Found label after column 1. (CALL)
Error[122]   C:\USERS\JOSé ROBERTO\DOCUMENTS\MIKRO C PROJECTS\LCD\PROG1.ASM 40 : Illegal opcode (_Lcd_Out)
Warning[207] C:\USERS\JOSé ROBERTO\DOCUMENTS\MIKRO C PROJECTS\LCD\PROG1.ASM 42 : Found label after column 1. (MOVLW)
Error[108]   C:\USERS\JOSé ROBERTO\DOCUMENTS\MIKRO C PROJECTS\LCD\PROG1.ASM 42 : Illegal character (3)
Warning[207] C:\USERS\JOSé ROBERTO\DOCUMENTS\MIKRO C PROJECTS\LCD\PROG1.ASM 43 : Found label after column 1. (MOVWF)
Error[122]   C:\USERS\JOSé ROBERTO\DOCUMENTS\MIKRO C PROJECTS\LCD\PROG1.ASM 43 : Illegal opcode (R11)
Warning[207] C:\USERS\JOSé ROBERTO\DOCUMENTS\MIKRO C PROJECTS\LCD\PROG1.ASM 44 : Found label after column 1. (MOVLW)
Error[108]   C:\USERS\JOSé ROBERTO\DOCUMENTS\MIKRO C PROJECTS\LCD\PROG1.ASM 44 : Illegal character (1)
Warning[207] C:\USERS\JOSé ROBERTO\DOCUMENTS\MIKRO C PROJECTS\LCD\PROG1.ASM 45 : Found label after column 1. (MOVWF)
Error[122]   C:\USERS\JOSé ROBERTO\DOCUMENTS\MIKRO C PROJECTS\LCD\PROG1.ASM 45 : Illegal opcode (R12)
Warning[207] C:\USERS\JOSé ROBERTO\DOCUMENTS\MIKRO C PROJECTS\LCD\PROG1.ASM 46 : Found label after column 1. (MOVLW)
Error[108]   C:\USERS\JOSé ROBERTO\DOCUMENTS\MIKRO C PROJECTS\LCD\PROG1.ASM 46 : Illegal character (8)
Warning[207] C:\USERS\JOSé ROBERTO\DOCUMENTS\MIKRO C PROJECTS\LCD\PROG1.ASM 47 : Found label after column 1. (MOVWF)
Error[122]   C:\USERS\JOSé ROBERTO\DOCUMENTS\MIKRO C PROJECTS\LCD\PROG1.ASM 47 : Illegal opcode (R13)
Warning[207] C:\USERS\JOSé ROBERTO\DOCUMENTS\MIKRO C PROJECTS\LCD\PROG1.ASM 49 : Found label after column 1. (DECFSZ)
Error[122]   C:\USERS\JOSé ROBERTO\DOCUMENTS\MIKRO C PROJECTS\LCD\PROG1.ASM 49 : Illegal opcode (R13)
Warning[207] C:\USERS\JOSé ROBERTO\DOCUMENTS\MIKRO C PROJECTS\LCD\PROG1.ASM 50 : Found label after column 1. (GOTO)
Error[122]   C:\USERS\JOSé ROBERTO\DOCUMENTS\MIKRO C PROJECTS\LCD\PROG1.ASM 50 : Illegal opcode (L_main3)
Warning[207] C:\USERS\JOSé ROBERTO\DOCUMENTS\MIKRO C PROJECTS\LCD\PROG1.ASM 51 : Found label after column 1. (DECFSZ)
Error[122]   C:\USERS\JOSé ROBERTO\DOCUMENTS\MIKRO C PROJECTS\LCD\PROG1.ASM 51 : Illegal opcode (R12)
Warning[207] C:\USERS\JOSé ROBERTO\DOCUMENTS\MIKRO C PROJECTS\LCD\PROG1.ASM 52 : Found label after column 1. (GOTO)
Error[122]   C:\USERS\JOSé ROBERTO\DOCUMENTS\MIKRO C PROJECTS\LCD\PROG1.ASM 52 : Illegal opcode (L_main3)
Warning[207] C:\USERS\JOSé ROBERTO\DOCUMENTS\MIKRO C PROJECTS\LCD\PROG1.ASM 53 : Found label after column 1. (DECFSZ)
Error[122]   C:\USERS\JOSé ROBERTO\DOCUMENTS\MIKRO C PROJECTS\LCD\PROG1.ASM 53 : Illegal opcode (R11)
Warning[207] C:\USERS\JOSé ROBERTO\DOCUMENTS\MIKRO C PROJECTS\LCD\PROG1.ASM 54 : Found label after column 1. (GOTO)
Error[122]   C:\USERS\JOSé ROBERTO\DOCUMENTS\MIKRO C PROJECTS\LCD\PROG1.ASM 54 : Illegal opcode (L_main3)
Warning[207] C:\USERS\JOSé ROBERTO\DOCUMENTS\MIKRO C PROJECTS\LCD\PROG1.ASM 55 : Found label after column 1. (NOP)
Warning[207] C:\USERS\JOSé ROBERTO\DOCUMENTS\MIKRO C PROJECTS\LCD\PROG1.ASM 56 : Found label after column 1. (NOP)
Warning[207] C:\USERS\JOSé ROBERTO\DOCUMENTS\MIKRO C PROJECTS\LCD\PROG1.ASM 58 : Found label after column 1. (INCF)
Error[122]   C:\USERS\JOSé ROBERTO\DOCUMENTS\MIKRO C PROJECTS\LCD\PROG1.ASM 58 : Illegal opcode (PORTC)
Warning[207] C:\USERS\JOSé ROBERTO\DOCUMENTS\MIKRO C PROJECTS\LCD\PROG1.ASM 59 : Found label after column 1. (MOVWF)
Error[122]   C:\USERS\JOSé ROBERTO\DOCUMENTS\MIKRO C PROJECTS\LCD\PROG1.ASM 59 : Illegal opcode (R0)
Warning[207] C:\USERS\JOSé ROBERTO\DOCUMENTS\MIKRO C PROJECTS\LCD\PROG1.ASM 60 : Found label after column 1. (MOVF)
Error[122]   C:\USERS\JOSé ROBERTO\DOCUMENTS\MIKRO C PROJECTS\LCD\PROG1.ASM 60 : Illegal opcode (R0)
Warning[207] C:\USERS\JOSé ROBERTO\DOCUMENTS\MIKRO C PROJECTS\LCD\PROG1.ASM 61 : Found label after column 1. (MOVWF)
Error[122]   C:\USERS\JOSé ROBERTO\DOCUMENTS\MIKRO C PROJECTS\LCD\PROG1.ASM 61 : Illegal opcode (PORTC)
Warning[207] C:\USERS\JOSé ROBERTO\DOCUMENTS\MIKRO C PROJECTS\LCD\PROG1.ASM 63 : Found label after column 1. (GOTO)
Error[122]   C:\USERS\JOSé ROBERTO\DOCUMENTS\MIKRO C PROJECTS\LCD\PROG1.ASM 63 : Illegal opcode (L_main0)
Warning[207] C:\USERS\JOSé ROBERTO\DOCUMENTS\MIKRO C PROJECTS\LCD\PROG1.ASM 65 : Found label after column 1. (GOTO)
Error[108]   C:\USERS\JOSé ROBERTO\DOCUMENTS\MIKRO C PROJECTS\LCD\PROG1.ASM 65 : Illegal character ($)
Error[129]   C:\USERS\JOSé ROBERTO\DOCUMENTS\MIKRO C PROJECTS\LCD\PROG1.ASM 67 : Expected (END)
Error[131]   C:\USERS\JOSé ROBERTO\DOCUMENTS\MIKRO C PROJECTS\LCD\PROG1.ASM 67 : Processor type is undefined
