;  LST file generated by mikroListExporter - v.2.0 
; Date/Time: 23/05/2012 14:09:32
;----------------------------------------------

;Address Opcode 	ASM
0x0000	0x282C      	GOTO       44
_interrupt:
0x0004	0x00FF      	MOVWF      R15
0x0005	0x0E03      	SWAPF      STATUS, 0
0x0006	0x0183      	CLRF       STATUS
0x0007	0x00A4      	MOVWF      ___saveSTATUS
0x0008	0x080A      	MOVF       PCLATH, 0
0x0009	0x00A5      	MOVWF      ___savePCLATH
0x000A	0x018A      	CLRF       PCLATH
;Timer0.c,3 :: 		void interrupt()
;Timer0.c,5 :: 		if (TMR0IF_bit == 1)
0x000B	0x1D0B      	BTFSS      TMR0IF_bit, 2
0x000C	0x2812      	GOTO       L_interrupt0
;Timer0.c,7 :: 		cnt++;                 // increment counter
0x000D	0x0AA2      	INCF       _cnt, 1
0x000E	0x1903      	BTFSC      STATUS, 2
0x000F	0x0AA3      	INCF       _cnt+1, 1
;Timer0.c,8 :: 		TMR0IF_bit = 0;        // clear TMR0IF
0x0010	0x110B      	BCF        TMR0IF_bit, 2
;Timer0.c,9 :: 		TMR0   = 0;
0x0011	0x0181      	CLRF       TMR0
;Timer0.c,10 :: 		}
L_interrupt0:
;Timer0.c,11 :: 		}
L_end_interrupt:
L__interrupt5:
0x0012	0x0825      	MOVF       ___savePCLATH, 0
0x0013	0x008A      	MOVWF      PCLATH
0x0014	0x0E24      	SWAPF      ___saveSTATUS, 0
0x0015	0x0083      	MOVWF      STATUS
0x0016	0x0EFF      	SWAPF      R15, 1
0x0017	0x0E7F      	SWAPF      R15, 0
0x0018	0x0009      	RETFIE
; end of _interrupt
_____DoICP:
;__Lib_System.c,6 :: 		
;__Lib_System.c,9 :: 		
0x0019	0x1283      	BCF        STATUS, 5
0x001A	0x1303      	BCF        STATUS, 6
0x001B	0x0821      	MOVF       ___DoICPAddr+1, 0
0x001C	0x008A      	MOVWF      PCLATH
;__Lib_System.c,10 :: 		
0x001D	0x0820      	MOVF       ___DoICPAddr, 0
0x001E	0x0082      	MOVWF      PCL
;__Lib_System.c,12 :: 		
L_end_____DoICP:
0x001F	0x0008      	RETURN
; end of _____DoICP
___CC2DW:
;__Lib_System.c,134 :: 		
;__Lib_System.c,137 :: 		
_CC2D_Loop1:
;__Lib_System.c,139 :: 		
0x0020	0x2019      	CALL       _____DoICP
0x0021	0x118A      	BCF        PCLATH, 3
0x0022	0x120A      	BCF        PCLATH, 4
;__Lib_System.c,141 :: 		
0x0023	0x0080      	MOVWF      INDF
;__Lib_System.c,142 :: 		
0x0024	0x0A84      	INCF       FSR, 1
;__Lib_System.c,143 :: 		
0x0025	0x0AA0      	INCF       ___DoICPAddr, 1
;__Lib_System.c,145 :: 		
0x0026	0x1903      	BTFSC      STATUS, 2
;__Lib_System.c,146 :: 		
0x0027	0x0AA1      	INCF       ___DoICPAddr+1, 1
;__Lib_System.c,147 :: 		
0x0028	0x03F0      	DECF       R0, 1
;__Lib_System.c,149 :: 		
0x0029	0x1D03      	BTFSS      STATUS, 2
;__Lib_System.c,150 :: 		
0x002A	0x2820      	GOTO       _CC2D_Loop1
;__Lib_System.c,152 :: 		
L_end___CC2DW:
0x002B	0x0008      	RETURN
; end of ___CC2DW
_main:
;Timer0.c,13 :: 		void main()
;Timer0.c,14 :: 		{ INTCON.TMR0IF=0;
0x002C	0x110B      	BCF        INTCON, 2
;Timer0.c,15 :: 		OPTION_REG = 0x07;       // Assign prescaler to TMR0
0x002D	0x3007      	MOVLW      7
0x002E	0x1683      	BSF        STATUS, 5
0x002F	0x1303      	BCF        STATUS, 6
0x0030	0x0081      	MOVWF      OPTION_REG
;Timer0.c,16 :: 		ADCON1 = 6;
0x0031	0x3006      	MOVLW      6
0x0032	0x009F      	MOVWF      ADCON1
;Timer0.c,17 :: 		TRISB = 0;               // PORTB is output
0x0033	0x0186      	CLRF       TRISB
;Timer0.c,18 :: 		PORTB = 0x0F;            // Initialize PORTB
0x0034	0x300F      	MOVLW      15
0x0035	0x1283      	BCF        STATUS, 5
0x0036	0x0086      	MOVWF      PORTB
;Timer0.c,19 :: 		TMR0  = 0;               // Timer0 initial value
0x0037	0x0181      	CLRF       TMR0
;Timer0.c,20 :: 		INTCON = 0xA0;           // Enable TMRO interrupt
0x0038	0x30A0      	MOVLW      160
0x0039	0x008B      	MOVWF      INTCON
;Timer0.c,21 :: 		cnt = 0;                 // Initialize cnt
0x003A	0x01A2      	CLRF       _cnt
0x003B	0x01A3      	CLRF       _cnt+1
;Timer0.c,22 :: 		PORTB.B0=1;
0x003C	0x1406      	BSF        PORTB, 0
;Timer0.c,23 :: 		while(1)
L_main1:
;Timer0.c,25 :: 		if (cnt == 76)
0x003D	0x3000      	MOVLW      0
0x003E	0x0623      	XORWF      _cnt+1, 0
0x003F	0x1D03      	BTFSS      STATUS, 2
0x0040	0x2843      	GOTO       L__main7
0x0041	0x304C      	MOVLW      76
0x0042	0x0622      	XORWF      _cnt, 0
L__main7:
0x0043	0x1D03      	BTFSS      STATUS, 2
0x0044	0x2848      	GOTO       L_main3
;Timer0.c,27 :: 		PORTB = ~PORTB;      // complemento de 1 do PORTB
0x0045	0x0986      	COMF       PORTB, 1
;Timer0.c,28 :: 		cnt = 0;             // Reset cnt
0x0046	0x01A2      	CLRF       _cnt
0x0047	0x01A3      	CLRF       _cnt+1
;Timer0.c,29 :: 		}
L_main3:
;Timer0.c,30 :: 		}
0x0048	0x283D      	GOTO       L_main1
;Timer0.c,32 :: 		}
L_end_main:
0x0049	0x2849      	GOTO       $+0
; end of _main
Symbol List:
//** Routines locations **
//ADDRESS    SIZE    PROCEDURE
//----------------------------------------------
0x0004      [21]    _interrupt
0x0019       [7]    _____DoICP
0x0020      [12]    ___CC2DW
0x002C      [30]    _main
//** Variables locations ** 
//ADDRESS    SIZE    VARIABLE
//----------------------------------------------
0x0000       [1]    INDF
0x0001       [1]    TMR0
0x0002       [1]    PCL
0x0003       [1]    STATUS
0x0004       [1]    FSR
0x0006       [1]    PORTB
0x000A       [1]    PCLATH
0x000B       [1]    INTCON
0x000B       [0]    TMR0IF_bit
0x0020       [2]    ___DoICPAddr
0x0022       [2]    _cnt
0x0024       [1]    ___saveSTATUS
0x0025       [1]    ___savePCLATH
0x0070       [1]    R0
0x0071       [1]    R1
0x0072       [1]    R2
0x0073       [1]    R3
0x0074       [1]    R4
0x0075       [1]    R5
0x0076       [1]    R6
0x0077       [1]    R7
0x0078       [1]    R8
0x0079       [1]    R9
0x007A       [1]    R10
0x007B       [1]    R11
0x007C       [1]    R12
0x007D       [1]    R13
0x007E       [1]    R14
0x007F       [1]    R15
0x0081       [1]    OPTION_REG
0x0086       [1]    TRISB
0x009F       [1]    ADCON1
//** Label List: ** 
//----------------------------------------------
  L_interrupt0
  L_main1
  L_main2
  L_main3
  L_end_interrupt
  _interrupt
  L__interrupt5
  L_end_main
  _main
  L__main7
  L_loopCA2AWs
  L_CA2AWend
  _CCA2AW_Loop1
  L_loopCS2Ss
  L_CS2Send
  _CCS2S_Loop1
  L_CCS2Send
  L_loopFZinSWs
  L_FZinSend
  _CC2D_Loop1
  L_end_____DoICP
  _____DoICP
  L_end_____DoIFC
  _____DoIFC
  L_end___CA2AW
  ___CA2AW
  L_end___CCA2AW
  ___CCA2AW
  L_end___CS2S
  ___CS2S
  L_end___CCS2S
  ___CCS2S
  L_end___FZinS
  ___FZinS
  L_end___CC2DW
  ___CC2DW
  L_end_Swap
  _Swap
  L_interrupt0
  L_main1
  L_main2
  L_main3
  L_end_interrupt
  _interrupt
  L__interrupt5
  L_end_main
  _main
  L__main7
