0	1	mikroCPIC1618.exe -MSF -DBG -pP16F877A -DL -O11111114 -fo20 -N"C:\Users\JoséRoberto\Documents\MikroC Projects\MikroC - ADC - LCD - RS232\ADC - LCD - RS232.mcppi" -SP"C:\Users\Public\Documents\Mikroelektronika\mikroC PRO for PIC\defs\" -SP"C:\Users\Public\Documents\Mikroelektronika\mikroC PRO for PIC\Uses\P16\" -SP"C:\Users\JoséRoberto\Documents\MikroC Projects\MikroC - ADC - LCD - RS232\" -SP"C:\Users\Jose Roberto\Documents\MikroC Projects\MikroC - ADC - LCD - RS232\" -SP"C:\Program Files (x86)\Mikroelektronika\mikroC PRO for PIC\defs\" -SP"C:\Program Files (x86)\Mikroelektronika\mikroC PRO for PIC\Uses\P16\" -SP"C:\Program Files\Mikroelektronika\mikroC PRO for PIC\defs\" -SP"C:\Program Files\Mikroelektronika\mikroC PRO for PIC\Uses\P16\" -SP"C:\Users\José Roberto\Documents\MikroC Projects\MikroC - ADC - LCD - RS232\" "ADC - LCD - RS232.c" "__Lib_Math.mcl" "__Lib_MathDouble.mcl" "__Lib_System.mcl" "__Lib_Delays.mcl" "__Lib_CType.mcl" "__Lib_CString.mcl" "__Lib_CStdlib.mcl" "__Lib_CMath.mcl" "__Lib_Conversions.mcl" "__Lib_Sprinti.mcl" "__Lib_Sprintl.mcl" "__Lib_Time.mcl" "__Lib_Trigonometry.mcl" "__Lib_Button.mcl" "__Lib_Keypad4x4.mcl" "__Lib_Manchester.mcl" "__Lib_OneWire.mcl" "__Lib_PS2.mcl" "__Lib_Sound.mcl" "__Lib_SoftI2C.mcl" "__Lib_SoftSPI.mcl" "__Lib_SoftUART.mcl" "__Lib_ADC_A_C.mcl" "__Lib_EEPROM.mcl" "__Lib_FLASH_RW.mcl" "__Lib_I2C_c34.mcl" "__Lib_PWM_c21.mcl" "__Lib_SPI_c345.mcl" "__Lib_UART_c67.mcl" "__Lib_PortExpander.mcl" "__Lib_CANSPI.mcl" "__Lib_CF.mcl" "__Lib_GlcdFonts.mcl" "__Lib_Glcd.mcl" "__Lib_LcdConsts.mcl" "__Lib_Lcd.mcl" "__Lib_RS485.mcl" "__Lib_T6963C.mcl" "__Lib_SPIGlcd.mcl" "__Lib_SPILcd.mcl" "__Lib_SPILcd8.mcl" "__Lib_SPIT6963C.mcl" "__Lib_EthEnc28j60.mcl" "__Lib_TouchPanel.mcl"	 
warning: 0	1501	Specified search path does not exist: 'C:\Users\Jose Roberto\Documents\MikroC Projects\MikroC - ADC - LCD - RS232'	 
warning: 0	1501	Specified search path does not exist: 'C:\Program Files (x86)\Mikroelektronika\mikroC PRO for PIC\defs'	 
warning: 0	1501	Specified search path does not exist: 'C:\Program Files (x86)\Mikroelektronika\mikroC PRO for PIC\Uses\P16'	 
warning: 0	1501	Specified search path does not exist: 'C:\Program Files\Mikroelektronika\mikroC PRO for PIC\defs'	 
warning: 0	1501	Specified search path does not exist: 'C:\Program Files\Mikroelektronika\mikroC PRO for PIC\Uses\P16'	 
warning: 0	1501	Specified search path does not exist: 'C:\Users\José Roberto\Documents\MikroC Projects\MikroC - ADC - LCD - RS232'	 
hint: 0	1139	Available RAM: 352 [bytes], Available ROM: 8192 [bytes]	 
diagnostics: 0	126	All files Preprocessed in 47 ms	 
diagnostics: 0	122	Compilation Started	ADC - LCD - RS232.c
warning: 35	1509	Generated baud rate is 56818 bps (error = 1.36 percent)	ADC - LCD - RS232.c
warning: 44	1506	Implicit conversion of pointer to int	ADC - LCD - RS232.c
warning: 45	1508	Implicit conversion of int to ptr	ADC - LCD - RS232.c
warning: 48	1508	Implicit conversion of int to ptr	ADC - LCD - RS232.c
diagnostics: 52	123	Compiled Successfully	ADC - LCD - RS232.c
diagnostics: 0	127	All files Compiled in 47 ms	 
hint: 0	1144	Used RAM (bytes): 71 (20%)  Free RAM (bytes): 281 (80%)	Used RAM (bytes): 71 (20%)  Free RAM (bytes): 281 (80%)
hint: 0	1144	Used ROM (program words): 1366 (17%)  Free ROM (program words): 6826 (83%)	Used ROM (program words): 1366 (17%)  Free ROM (program words): 6826 (83%)
diagnostics: 0	125	Project Linked Successfully	ADC - LCD - RS232.mcppi
diagnostics: 0	128	Linked in 93 ms	 
diagnostics: 0	129	Project 'ADC - LCD - RS232.mcppi' completed: 249 ms	 
diagnostics: 0	103	Finished successfully: 29 abr 2013, 11:18:10	ADC - LCD - RS232.mcppi
